#
# A fatal error has been detected by the Java Runtime Environment:
#
#  SIGSEGV (0xb) at pc=0xb477ff7f, pid=3457, tid=1553652544
#
# JRE version: 6.0_27-b27
# Java VM: OpenJDK Server VM (20.0-b12 mixed mode linux-x86 )
# Derivative: IcedTea6 1.12.6
# Distribution: Ubuntu 12.04 LTS, package 6b27-1.12.6-1ubuntu0.12.04.2
# Problematic frame:
# J  java.util.regex.Pattern.compile()V
#
# If you would like to submit a bug report, please include
# instructions how to reproduce the bug and visit:
#   https://bugs.launchpad.net/ubuntu/+source/openjdk-6/
#

---------------  T H R E A D  ---------------

Current thread (0x60d04400):  JavaThread "Worker-3" [_thread_in_Java, id=3548, stack(0x5c95d000,0x5c9ae000)]

siginfo:si_signo=SIGSEGV: si_errno=0, si_code=128 (), si_addr=0x00000000

Registers:
EAX=0xa59c3858, EBX=0x64703ee8, ECX=0x647132f8, EDX=0x00000005
ESP=0x5c9acb10, EBP=0x0052ce1b, ESI=0xb477fe78, EDI=0xa59c3768
EIP=0xb477ff7f, EFLAGS=0x00010287, CR2=0xb773a000

Top of Stack: (sp=0x5c9acb10)
0x5c9acb10:   6455abc1 5c9acb40 646b7e38 a59c3858
0x5c9acb20:   a59c3858 60d04400 00000005 846cb9a8
0x5c9acb30:   a59c3858 00000000 a59c3728 a59c3858
0x5c9acb40:   b4503047 0000001c 0000001c a59c30e8
0x5c9acb50:   a59c3608 00000001 00000000 00000000
0x5c9acb60:   6455abc1 5c9acb90 00000016 b457d77f
0x5c9acb70:   a59c3698 a59c3700 5c9acbb4 b4502ee1
0x5c9acb80:   b4503047 a59c3700 a59c36fc b4502ee1 

Instructions: (pc=0xb477ff7f)
0xb477ff5f:   0f 84 94 0f 00 00 ff 74 24 20 8f 44 24 0c 8b 4c
0xb477ff6f:   24 0c 8b 59 04 b9 f8 32 71 64 81 fb e8 1f 71 64
0xb477ff7f:   0f 85 68 06 00 00 8b 6c 24 0c 89 6c 24 30 8b 5d
0xb477ff8f:   0c 89 5c 24 18 8b 6b 08 89 6c 24 1c 83 fd 04 0f 

Register to memory mapping:

EAX=0xa59c3858 is an oop
java.util.regex.Pattern$BitClass 
 - klass: 'java/util/regex/Pattern$BitClass'
EBX=0x64703ee8 is an oop
{instance class} 
 - klass: {other class}
ECX=0x647132f8 is an oop
{instance class} 
 - klass: {other class}
EDX=0x00000005 is an unknown value
ESP=0x5c9acb10 is pointing into the stack for thread: 0x60d04400
EBP=0x0052ce1b: xcb_get_keyboard_mapping+0x4b in /usr/lib/i386-linux-gnu/libxcb.so.1 at 0x00517000
ESI=0xb477f648 [CodeBlob (0xb477f648)]
Framesize: 28
EDI=0xa59c3768 is an oop
[I 
 - klass: {type array int}
 - length: 7


Stack: [0x5c95d000,0x5c9ae000],  sp=0x5c9acb10,  free space=318k
Native frames: (J=compiled Java code, j=interpreted, Vv=VM code, C=native code)
J  java.util.regex.Pattern.compile()V


---------------  P R O C E S S  ---------------

Java Threads: ( => current thread )
  0x63e1c800 JavaThread "Worker-11" [_thread_blocked, id=3590, stack(0x5b687000,0x5b6d8000)]
  0x09f76000 JavaThread "Worker-10" [_thread_blocked, id=3589, stack(0x5b7af000,0x5b800000)]
  0x63e2e000 JavaThread "Worker-9" [_thread_blocked, id=3588, stack(0x5b90d000,0x5b95e000)]
  0x0af8cc00 JavaThread "Worker-8" [_thread_blocked, id=3587, stack(0x5b95e000,0x5b9af000)]
  0x63e28400 JavaThread "Worker-7" [_thread_blocked, id=3586, stack(0x5b9af000,0x5ba00000)]
  0x0988e800 JavaThread "Worker-6" [_thread_blocked, id=3585, stack(0x5c335000,0x5c386000)]
  0x5d561000 JavaThread "Worker-5" [_thread_blocked, id=3584, stack(0x5c3fc000,0x5c44d000)]
  0x60811000 JavaThread "Keep-Alive-Timer" daemon [_thread_blocked, id=3583, stack(0x5c5af000,0x5c600000)]
  0x60d41000 JavaThread "" [_thread_in_native, id=3581, stack(0x5c74f000,0x5c7a0000)]
  0x60d40800 JavaThread "" [_thread_in_native, id=3577, stack(0x5c4ef000,0x5c540000)]
  0x60852400 JavaThread "process reaper" daemon [_thread_in_native, id=3575, stack(0x5c44d000,0x5c49e000)]
  0x0a70c400 JavaThread "Device List Monitor" [_thread_blocked, id=3568, stack(0x5c49e000,0x5c4ef000)]
  0x634f8800 JavaThread "Monitor" [_thread_in_native, id=3555, stack(0x5c540000,0x5c591000)]
  0x5d39c000 JavaThread "Worker-4" [_thread_blocked, id=3550, stack(0x5c386000,0x5c3d7000)]
=>0x60d04400 JavaThread "Worker-3" [_thread_in_Java, id=3548, stack(0x5c95d000,0x5c9ae000)]
  0x5d3a0000 JavaThread "Java indexing" daemon [_thread_in_Java, id=3547, stack(0x5c9ae000,0x5c9ff000)]
  0x626b8000 JavaThread "Worker-2" [_thread_blocked, id=3542, stack(0x609fe000,0x60a4f000)]
  0x63e86400 JavaThread "AWT-XAWT" daemon [_thread_in_native, id=3541, stack(0x60a4f000,0x60aa0000)]
  0x626ec400 JavaThread "Worker-1" [_thread_blocked, id=3540, stack(0x60c0d000,0x60c5e000)]
  0x63e40800 JavaThread "Java2D Disposer" daemon [_thread_blocked, id=3539, stack(0x60c5e000,0x60caf000)]
  0x63e15c00 JavaThread "ReaderThread" [_thread_in_native, id=3538, stack(0x60caf000,0x60d00000)]
  0x634bb400 JavaThread "WorkbenchTestable" [_thread_blocked, id=3537, stack(0x60e26000,0x60e77000)]
  0x60d1cc00 JavaThread "Worker-0" [_thread_blocked, id=3536, stack(0x63024000,0x63075000)]
  0x631ff000 JavaThread "Worker-JM" [_thread_blocked, id=3512, stack(0x62eaf000,0x62f00000)]
  0x628f9c00 JavaThread "[Timer] - Main Queue Handler" daemon [_thread_blocked, id=3482, stack(0x62e5e000,0x62eaf000)]
  0x62d30400 JavaThread "Bundle File Closer" daemon [_thread_blocked, id=3479, stack(0x62c7a000,0x62ccb000)]
  0x6342e000 JavaThread "Start Level Event Dispatcher" daemon [_thread_blocked, id=3478, stack(0x633af000,0x63400000)]
  0x63428c00 JavaThread "Framework Event Dispatcher" daemon [_thread_blocked, id=3476, stack(0x63503000,0x63554000)]
  0x6343b000 JavaThread "State Saver" [_thread_blocked, id=3475, stack(0x63554000,0x635a5000)]
  0x63450000 JavaThread "Framework Active Thread" [_thread_blocked, id=3474, stack(0x635a5000,0x635f6000)]
  0xb75a5800 JavaThread "Low Memory Detector" daemon [_thread_blocked, id=3472, stack(0x63677000,0x636c8000)]
  0xb75a3c00 JavaThread "C2 CompilerThread1" daemon [_thread_in_native, id=3471, stack(0x636c8000,0x63749000)]
  0xb75a1c00 JavaThread "C2 CompilerThread0" daemon [_thread_in_native, id=3470, stack(0x63749000,0x637ca000)]
  0xb75a0400 JavaThread "Signal Dispatcher" daemon [_thread_blocked, id=3469, stack(0x637ca000,0x6381b000)]
  0xb7590000 JavaThread "Finalizer" daemon [_thread_blocked, id=3468, stack(0x63a1b000,0x63a6c000)]
  0xb758e800 JavaThread "Reference Handler" daemon [_thread_blocked, id=3467, stack(0x63d2e000,0x63d7f000)]
  0xb7505c00 JavaThread "main" [_thread_in_Java, id=3459, stack(0xb76d1000,0xb7722000)]

Other Threads:
  0xb758bc00 VMThread [stack: 0x63d7f000,0x63e00000] [id=3466]
  0xb75a7400 WatcherThread [stack: 0x635f6000,0x63677000] [id=3473]

VM state:not at safepoint (normal execution)

VM Mutex/Monitor currently owned by a thread: None

Heap
 PSYoungGen      total 133888K, used 21302K [0xa4500000, 0xb1b90000, 0xb4500000)
  eden space 124992K, 17% used [0xa4500000,0xa59cda48,0xabf10000)
  from space 8896K, 0% used [0xabf10000,0xabf10000,0xac7c0000)
  to   space 9856K, 0% used [0xb11f0000,0xb11f0000,0xb1b90000)
 PSOldGen        total 46784K, used 27327K [0x84500000, 0x872b0000, 0xa4500000)
  object space 46784K, 58% used [0x84500000,0x85fafff0,0x872b0000)
 PSPermGen       total 106880K, used 54871K [0x64500000, 0x6ad60000, 0x84500000)
  object space 106880K, 51% used [0x64500000,0x67a95fd0,0x6ad60000)

Code Cache  [0xb4500000, 0xb4788000, 0xb7500000)
 total_blobs=981 nmethods=718 adapters=215 free_code_cache=47751296 largest_free_block=24448

Dynamic libraries:
00110000-001e8000 r-xp 00000000 08:01 789392     /usr/lib/i386-linux-gnu/libstdc++.so.6.0.16
001e8000-001e9000 ---p 000d8000 08:01 789392     /usr/lib/i386-linux-gnu/libstdc++.so.6.0.16
001e9000-001ed000 r--p 000d8000 08:01 789392     /usr/lib/i386-linux-gnu/libstdc++.so.6.0.16
001ed000-001ee000 rw-p 000dc000 08:01 789392     /usr/lib/i386-linux-gnu/libstdc++.so.6.0.16
001ee000-001f5000 rw-p 00000000 00:00 0 
001f5000-00211000 r-xp 00000000 08:01 1049507    /lib/i386-linux-gnu/libgcc_s.so.1
00211000-00212000 r--p 0001b000 08:01 1049507    /lib/i386-linux-gnu/libgcc_s.so.1
00212000-00213000 rw-p 0001c000 08:01 1049507    /lib/i386-linux-gnu/libgcc_s.so.1
00213000-0021e000 r-xp 00000000 08:01 796243     /usr/lib/jvm/java-6-openjdk-i386/jre/lib/i386/libverify.so
0021e000-0021f000 ---p 0000b000 08:01 796243     /usr/lib/jvm/java-6-openjdk-i386/jre/lib/i386/libverify.so
0021f000-00220000 r--p 0000b000 08:01 796243     /usr/lib/jvm/java-6-openjdk-i386/jre/lib/i386/libverify.so
00220000-00221000 rw-p 0000c000 08:01 796243     /usr/lib/jvm/java-6-openjdk-i386/jre/lib/i386/libverify.so
00221000-00247000 r-xp 00000000 08:01 796207     /usr/lib/jvm/java-6-openjdk-i386/jre/lib/i386/libjava.so
00247000-00248000 r--p 00025000 08:01 796207     /usr/lib/jvm/java-6-openjdk-i386/jre/lib/i386/libjava.so
00248000-0024a000 rw-p 00026000 08:01 796207     /usr/lib/jvm/java-6-openjdk-i386/jre/lib/i386/libjava.so
0024a000-00254000 r-xp 00000000 08:01 1071600    /lib/i386-linux-gnu/libnss_nis-2.15.so
00254000-00255000 r--p 00009000 08:01 1071600    /lib/i386-linux-gnu/libnss_nis-2.15.so
00255000-00256000 rw-p 0000a000 08:01 1071600    /lib/i386-linux-gnu/libnss_nis-2.15.so
00256000-0025e000 r-xp 00000000 08:01 796242     /usr/lib/jvm/java-6-openjdk-i386/jre/lib/i386/libnio.so
0025e000-0025f000 r--p 00007000 08:01 796242     /usr/lib/jvm/java-6-openjdk-i386/jre/lib/i386/libnio.so
0025f000-00260000 rw-p 00008000 08:01 796242     /usr/lib/jvm/java-6-openjdk-i386/jre/lib/i386/libnio.so
00260000-002bb000 r-xp 00000000 08:01 717741     /home/pocha/workspace/.metadata/.plugins/org.eclipse.pde.core/pde-junit/org.eclipse.osgi/bundles/245/1/.cp/libswt-pi-gtk-4236.so
002bb000-002bd000 rw-p 0005a000 08:01 717741     /home/pocha/workspace/.metadata/.plugins/org.eclipse.pde.core/pde-junit/org.eclipse.osgi/bundles/245/1/.cp/libswt-pi-gtk-4236.so
002bd000-002be000 rw-p 00000000 00:00 0 
002be000-002bf000 r-xp 00000000 08:01 786599     /usr/lib/i386-linux-gnu/libgthread-2.0.so.0.3200.3
002bf000-002c0000 r--p 00000000 08:01 786599     /usr/lib/i386-linux-gnu/libgthread-2.0.so.0.3200.3
002c0000-002c1000 rw-p 00001000 08:01 786599     /usr/lib/i386-linux-gnu/libgthread-2.0.so.0.3200.3
002c1000-002c6000 r-xp 00000000 08:01 792527     /usr/lib/i386-linux-gnu/libXtst.so.6.1.0
002c6000-002c7000 r--p 00004000 08:01 792527     /usr/lib/i386-linux-gnu/libXtst.so.6.1.0
002c7000-002c8000 rw-p 00005000 08:01 792527     /usr/lib/i386-linux-gnu/libXtst.so.6.1.0
002c8000-002d3000 r-xp 00000000 08:01 790238     /usr/lib/i386-linux-gnu/libpangocairo-1.0.so.0.3000.0
002d3000-002d4000 r--p 0000a000 08:01 790238     /usr/lib/i386-linux-gnu/libpangocairo-1.0.so.0.3000.0
002d4000-002d5000 rw-p 0000b000 08:01 790238     /usr/lib/i386-linux-gnu/libpangocairo-1.0.so.0.3000.0
002d5000-002d9000 r-xp 00000000 08:01 790052     /usr/lib/i386-linux-gnu/libXfixes.so.3.1.0
002d9000-002da000 r--p 00004000 08:01 790052     /usr/lib/i386-linux-gnu/libXfixes.so.3.1.0
002da000-002db000 rw-p 00005000 08:01 790052     /usr/lib/i386-linux-gnu/libXfixes.so.3.1.0
002db000-002f9000 r-xp 00000000 08:01 850134     /usr/lib/i386-linux-gnu/libatk-1.0.so.0.20609.1
002f9000-002fb000 r--p 0001d000 08:01 850134     /usr/lib/i386-linux-gnu/libatk-1.0.so.0.20609.1
002fb000-002fc000 rw-p 0001f000 08:01 850134     /usr/lib/i386-linux-gnu/libatk-1.0.so.0.20609.1
002fc000-0031b000 r-xp 00000000 08:01 790848     /usr/lib/i386-linux-gnu/libgdk_pixbuf-2.0.so.0.2600.1
0031b000-0031c000 r--p 0001e000 08:01 790848     /usr/lib/i386-linux-gnu/libgdk_pixbuf-2.0.so.0.2600.1
0031c000-0031d000 rw-p 0001f000 08:01 790848     /usr/lib/i386-linux-gnu/libgdk_pixbuf-2.0.so.0.2600.1
0031d000-00347000 r-xp 00000000 08:01 790244     /usr/lib/i386-linux-gnu/libpangoft2-1.0.so.0.3000.0
00347000-00348000 r--p 00029000 08:01 790244     /usr/lib/i386-linux-gnu/libpangoft2-1.0.so.0.3000.0
00348000-00349000 rw-p 0002a000 08:01 790244     /usr/lib/i386-linux-gnu/libpangoft2-1.0.so.0.3000.0
00349000-0034c000 r-xp 00000000 08:01 717069     /home/pocha/workspace/.metadata/.plugins/org.eclipse.pde.core/pde-junit/org.eclipse.osgi/bundles/245/1/.cp/libswt-gtk-4236.so
0034c000-0034d000 rw-p 00002000 08:01 717069     /home/pocha/workspace/.metadata/.plugins/org.eclipse.pde.core/pde-junit/org.eclipse.osgi/bundles/245/1/.cp/libswt-gtk-4236.so
0034d000-0034e000 rw-p 00000000 00:00 0 
0034e000-00395000 r-xp 00000000 08:01 790088     /usr/lib/i386-linux-gnu/libpango-1.0.so.0.3000.0
00395000-00396000 ---p 00047000 08:01 790088     /usr/lib/i386-linux-gnu/libpango-1.0.so.0.3000.0
00396000-00397000 r--p 00047000 08:01 790088     /usr/lib/i386-linux-gnu/libpango-1.0.so.0.3000.0
00397000-00398000 rw-p 00048000 08:01 790088     /usr/lib/i386-linux-gnu/libpango-1.0.so.0.3000.0
00398000-003a8000 r-xp 00000000 08:01 789613     /usr/lib/i386-linux-gnu/libXext.so.6.4.0
003a8000-003a9000 r--p 0000f000 08:01 789613     /usr/lib/i386-linux-gnu/libXext.so.6.4.0
003a9000-003aa000 rw-p 00010000 08:01 789613     /usr/lib/i386-linux-gnu/libXext.so.6.4.0
003aa000-003ac000 r-xp 00000000 08:01 789870     /usr/lib/i386-linux-gnu/libXinerama.so.1.0.0
003ac000-003ad000 r--p 00001000 08:01 789870     /usr/lib/i386-linux-gnu/libXinerama.so.1.0.0
003ad000-003ae000 rw-p 00002000 08:01 789870     /usr/lib/i386-linux-gnu/libXinerama.so.1.0.0
003ae000-003af000 r-xp 00000000 08:01 918099     /usr/lib/i386-linux-gnu/gdk-pixbuf-2.0/2.10.0/loaders/libpixbufloader-svg.so
003af000-003b0000 r--p 00000000 08:01 918099     /usr/lib/i386-linux-gnu/gdk-pixbuf-2.0/2.10.0/loaders/libpixbufloader-svg.so
003b0000-003b1000 rw-p 00001000 08:01 918099     /usr/lib/i386-linux-gnu/gdk-pixbuf-2.0/2.10.0/loaders/libpixbufloader-svg.so
003b1000-003b5000 r-xp 00000000 08:01 796226     /usr/lib/jvm/java-6-openjdk-i386/jre/lib/i386/jli/libjli.so
003b5000-003b6000 r--p 00003000 08:01 796226     /usr/lib/jvm/java-6-openjdk-i386/jre/lib/i386/jli/libjli.so
003b6000-003b7000 rw-p 00004000 08:01 796226     /usr/lib/jvm/java-6-openjdk-i386/jre/lib/i386/jli/libjli.so
003b7000-00462000 r-xp 00000000 08:01 789183     /usr/lib/i386-linux-gnu/libgdk-x11-2.0.so.0.2400.10
00462000-00463000 ---p 000ab000 08:01 789183     /usr/lib/i386-linux-gnu/libgdk-x11-2.0.so.0.2400.10
00463000-00465000 r--p 000ab000 08:01 789183     /usr/lib/i386-linux-gnu/libgdk-x11-2.0.so.0.2400.10
00465000-00466000 rw-p 000ad000 08:01 789183     /usr/lib/i386-linux-gnu/libgdk-x11-2.0.so.0.2400.10
00466000-004b3000 r-xp 00000000 08:01 789475     /usr/lib/i386-linux-gnu/libgobject-2.0.so.0.3200.3
004b3000-004b4000 r--p 0004c000 08:01 789475     /usr/lib/i386-linux-gnu/libgobject-2.0.so.0.3200.3
004b4000-004b5000 rw-p 0004d000 08:01 789475     /usr/lib/i386-linux-gnu/libgobject-2.0.so.0.3200.3
004b5000-004bd000 r-xp 00000000 08:01 787814     /usr/lib/i386-linux-gnu/libXrender.so.1.3.0
004bd000-004be000 r--p 00007000 08:01 787814     /usr/lib/i386-linux-gnu/libXrender.so.1.3.0
004be000-004bf000 rw-p 00008000 08:01 787814     /usr/lib/i386-linux-gnu/libXrender.so.1.3.0
004bf000-004cd000 r-xp 00000000 08:01 789841     /usr/lib/i386-linux-gnu/libXi.so.6.1.0
004cd000-004ce000 r--p 0000d000 08:01 789841     /usr/lib/i386-linux-gnu/libXi.so.6.1.0
004ce000-004cf000 rw-p 0000e000 08:01 789841     /usr/lib/i386-linux-gnu/libXi.so.6.1.0
004cf000-004d6000 r-xp 00000000 08:01 791222     /usr/lib/i386-linux-gnu/libXrandr.so.2.2.0
004d6000-004d7000 r--p 00006000 08:01 791222     /usr/lib/i386-linux-gnu/libXrandr.so.2.2.0
004d7000-004d8000 rw-p 00007000 08:01 791222     /usr/lib/i386-linux-gnu/libXrandr.so.2.2.0
004d8000-004e1000 r-xp 00000000 08:01 793981     /usr/lib/i386-linux-gnu/libXcursor.so.1.0.2
004e1000-004e2000 r--p 00008000 08:01 793981     /usr/lib/i386-linux-gnu/libXcursor.so.1.0.2
004e2000-004e3000 rw-p 00009000 08:01 793981     /usr/lib/i386-linux-gnu/libXcursor.so.1.0.2
004e3000-004e5000 r-xp 00000000 08:01 789414     /usr/lib/i386-linux-gnu/libXcomposite.so.1.0.0
004e5000-004e6000 r--p 00001000 08:01 789414     /usr/lib/i386-linux-gnu/libXcomposite.so.1.0.0
004e6000-004e7000 rw-p 00002000 08:01 789414     /usr/lib/i386-linux-gnu/libXcomposite.so.1.0.0
004e7000-004ef000 r-xp 00000000 08:01 851241     /usr/lib/i386-linux-gnu/libxcb-render.so.0.0.0
004ef000-004f0000 r--p 00008000 08:01 851241     /usr/lib/i386-linux-gnu/libxcb-render.so.0.0.0
004f0000-004f1000 rw-p 00009000 08:01 851241     /usr/lib/i386-linux-gnu/libxcb-render.so.0.0.0
004f1000-004f4000 r-xp 00000000 08:01 786611     /usr/lib/i386-linux-gnu/libgmodule-2.0.so.0.3200.3
004f4000-004f5000 r--p 00002000 08:01 786611     /usr/lib/i386-linux-gnu/libgmodule-2.0.so.0.3200.3
004f5000-004f6000 rw-p 00003000 08:01 786611     /usr/lib/i386-linux-gnu/libgmodule-2.0.so.0.3200.3
004f6000-004f8000 r-xp 00000000 08:01 787802     /usr/lib/i386-linux-gnu/libXau.so.6.0.0
004f8000-004f9000 r--p 00001000 08:01 787802     /usr/lib/i386-linux-gnu/libXau.so.6.0.0
004f9000-004fa000 rw-p 00002000 08:01 787802     /usr/lib/i386-linux-gnu/libXau.so.6.0.0
004fc000-00513000 r-xp 00000000 08:01 1071603    /lib/i386-linux-gnu/libpthread-2.15.so
00513000-00514000 r--p 00016000 08:01 1071603    /lib/i386-linux-gnu/libpthread-2.15.so
00514000-00515000 rw-p 00017000 08:01 1071603    /lib/i386-linux-gnu/libpthread-2.15.so
00515000-00517000 rw-p 00000000 00:00 0 
00517000-00536000 r-xp 00000000 08:01 787806     /usr/lib/i386-linux-gnu/libxcb.so.1.1.0
00536000-00537000 r--p 0001f000 08:01 787806     /usr/lib/i386-linux-gnu/libxcb.so.1.1.0
00537000-00538000 rw-p 00020000 08:01 787806     /usr/lib/i386-linux-gnu/libxcb.so.1.1.0
00538000-00560000 r-xp 00000000 08:01 1054724    /lib/i386-linux-gnu/libpng12.so.0.46.0
00560000-00561000 r--p 00027000 08:01 1054724    /lib/i386-linux-gnu/libpng12.so.0.46.0
00561000-00562000 rw-p 00028000 08:01 1054724    /lib/i386-linux-gnu/libpng12.so.0.46.0
00562000-0057f000 r-xp 00000000 08:01 1048663    /lib/i386-linux-gnu/libselinux.so.1
0057f000-00580000 r--p 0001c000 08:01 1048663    /lib/i386-linux-gnu/libselinux.so.1
00580000-00581000 rw-p 0001d000 08:01 1048663    /lib/i386-linux-gnu/libselinux.so.1
00581000-00594000 r-xp 00000000 08:01 1071604    /lib/i386-linux-gnu/libresolv-2.15.so
00594000-00595000 ---p 00013000 08:01 1071604    /lib/i386-linux-gnu/libresolv-2.15.so
00595000-00596000 r--p 00013000 08:01 1071604    /lib/i386-linux-gnu/libresolv-2.15.so
00596000-00597000 rw-p 00014000 08:01 1071604    /lib/i386-linux-gnu/libresolv-2.15.so
00597000-00599000 rw-p 00000000 00:00 0 
00599000-0059b000 r-xp 00000000 08:01 733094     /home/pocha/workspace/.metadata/.plugins/org.eclipse.pde.core/pde-junit/org.eclipse.osgi/bundles/84/1/.cp/os/linux/x86/libunixfile_1_0_0.so
0059b000-0059c000 rw-p 00001000 08:01 733094     /home/pocha/workspace/.metadata/.plugins/org.eclipse.pde.core/pde-junit/org.eclipse.osgi/bundles/84/1/.cp/os/linux/x86/libunixfile_1_0_0.so
0059c000-005b1000 r-xp 00000000 08:01 796229     /usr/lib/jvm/java-6-openjdk-i386/jre/lib/i386/libnet.so
005b1000-005b2000 r--p 00014000 08:01 796229     /usr/lib/jvm/java-6-openjdk-i386/jre/lib/i386/libnet.so
005b2000-005b3000 rw-p 00015000 08:01 796229     /usr/lib/jvm/java-6-openjdk-i386/jre/lib/i386/libnet.so
005b3000-00648000 r-xp 00000000 08:01 790782     /usr/lib/i386-linux-gnu/libfreetype.so.6.8.0
00648000-0064c000 r--p 00094000 08:01 790782     /usr/lib/i386-linux-gnu/libfreetype.so.6.8.0
0064c000-0064d000 rw-p 00098000 08:01 790782     /usr/lib/i386-linux-gnu/libfreetype.so.6.8.0
0064d000-00673000 r-xp 00000000 08:01 1118768    /lib/i386-linux-gnu/libexpat.so.1.5.2
00673000-00674000 ---p 00026000 08:01 1118768    /lib/i386-linux-gnu/libexpat.so.1.5.2
00674000-00676000 r--p 00026000 08:01 1118768    /lib/i386-linux-gnu/libexpat.so.1.5.2
00676000-00677000 rw-p 00028000 08:01 1118768    /lib/i386-linux-gnu/libexpat.so.1.5.2
00679000-00686000 r-xp 00000000 08:01 660521     /home/pocha/Desktop/adt-bundle-linux-x86-20131030/eclipse/plugins/org.eclipse.equinox.launcher.gtk.linux.x86_1.1.200.v20120913-144807/eclipse_1502.so
00686000-00687000 rw-p 0000c000 08:01 660521     /home/pocha/Desktop/adt-bundle-linux-x86-20131030/eclipse/plugins/org.eclipse.equinox.launcher.gtk.linux.x86_1.1.200.v20120913-144807/eclipse_1502.so
00687000-0074e000 r-xp 00000000 08:01 797655     /usr/lib/i386-linux-gnu/libcairo.so.2.11000.2
0074e000-0074f000 r--p 000c7000 08:01 797655     /usr/lib/i386-linux-gnu/libcairo.so.2.11000.2
0074f000-00750000 rw-p 000c8000 08:01 797655     /usr/lib/i386-linux-gnu/libcairo.so.2.11000.2
00750000-00752000 rw-p 00000000 00:00 0 
00752000-00756000 rwxp 00000000 00:00 0 
00757000-00759000 r-xp 00000000 08:01 789611     /usr/lib/i386-linux-gnu/libXdamage.so.1.1.0
00759000-0075a000 r--p 00001000 08:01 789611     /usr/lib/i386-linux-gnu/libXdamage.so.1.1.0
0075a000-0075b000 rw-p 00002000 08:01 789611     /usr/lib/i386-linux-gnu/libXdamage.so.1.1.0
0075b000-00760000 r-xp 00000000 08:01 791225     /usr/lib/i386-linux-gnu/libffi.so.6.0.0
00760000-00761000 r--p 00004000 08:01 791225     /usr/lib/i386-linux-gnu/libffi.so.6.0.0
00761000-00762000 rw-p 00005000 08:01 791225     /usr/lib/i386-linux-gnu/libffi.so.6.0.0
00762000-00764000 r-xp 00000000 08:01 929715     /usr/lib/i386-linux-gnu/pango/1.6.0/modules/pango-basic-fc.so
00764000-00765000 r--p 00001000 08:01 929715     /usr/lib/i386-linux-gnu/pango/1.6.0/modules/pango-basic-fc.so
00765000-00766000 rw-p 00002000 08:01 929715     /usr/lib/i386-linux-gnu/pango/1.6.0/modules/pango-basic-fc.so
00766000-0076d000 r-xp 00000000 08:01 796227     /usr/lib/jvm/java-6-openjdk-i386/jre/lib/i386/libzip.so
0076d000-0076e000 r--p 00006000 08:01 796227     /usr/lib/jvm/java-6-openjdk-i386/jre/lib/i386/libzip.so
0076e000-0076f000 rw-p 00007000 08:01 796227     /usr/lib/jvm/java-6-openjdk-i386/jre/lib/i386/libzip.so
0076f000-00774000 r-xp 00000000 08:01 787804     /usr/lib/i386-linux-gnu/libXdmcp.so.6.0.0
00774000-00775000 r--p 00004000 08:01 787804     /usr/lib/i386-linux-gnu/libXdmcp.so.6.0.0
00775000-00776000 rw-p 00005000 08:01 787804     /usr/lib/i386-linux-gnu/libXdmcp.so.6.0.0
00776000-0077d000 r-xp 00000000 08:01 917793     /usr/lib/i386-linux-gnu/gio/modules/libdconfsettings.so
0077d000-0077e000 r--p 00006000 08:01 917793     /usr/lib/i386-linux-gnu/gio/modules/libdconfsettings.so
0077e000-0077f000 rw-p 00007000 08:01 917793     /usr/lib/i386-linux-gnu/gio/modules/libdconfsettings.so
00782000-00789000 r-xp 00000000 08:01 1071605    /lib/i386-linux-gnu/librt-2.15.so
00789000-0078a000 r--p 00006000 08:01 1071605    /lib/i386-linux-gnu/librt-2.15.so
0078a000-0078b000 rw-p 00007000 08:01 1071605    /lib/i386-linux-gnu/librt-2.15.so
0078b000-007c5000 r-xp 00000000 08:01 1064940    /lib/i386-linux-gnu/libpcre.so.3.12.1
007c5000-007c6000 r--p 00039000 08:01 1064940    /lib/i386-linux-gnu/libpcre.so.3.12.1
007c6000-007c7000 rw-p 0003a000 08:01 1064940    /lib/i386-linux-gnu/libpcre.so.3.12.1
007c7000-007cc000 r-xp 00000000 08:01 922156     /usr/lib/i386-linux-gnu/gtk-2.0/modules/libcanberra-gtk-module.so
007cc000-007cd000 r--p 00004000 08:01 922156     /usr/lib/i386-linux-gnu/gtk-2.0/modules/libcanberra-gtk-module.so
007cd000-007ce000 rw-p 00005000 08:01 922156     /usr/lib/i386-linux-gnu/gtk-2.0/modules/libcanberra-gtk-module.so
007ce000-007d2000 r-xp 00000000 08:01 791683     /usr/lib/i386-linux-gnu/libcanberra-gtk.so.0.1.8
007d2000-007d3000 r--p 00003000 08:01 791683     /usr/lib/i386-linux-gnu/libcanberra-gtk.so.0.1.8
007d3000-007d4000 rw-p 00004000 08:01 791683     /usr/lib/i386-linux-gnu/libcanberra-gtk.so.0.1.8
007d5000-007d6000 r-xp 00000000 00:00 0          [vdso]
007d6000-007e6000 r-xp 00000000 08:01 792336     /usr/lib/liboverlay-scrollbar-0.2.so.0.0.16
007e6000-007e7000 r--p 0000f000 08:01 792336     /usr/lib/liboverlay-scrollbar-0.2.so.0.0.16
007e7000-007e8000 rw-p 00010000 08:01 792336     /usr/lib/liboverlay-scrollbar-0.2.so.0.0.16
007e8000-007ea000 r-xp 00000000 08:01 1053980    /lib/libnss_mdns4_minimal.so.2
007ea000-007eb000 r--p 00001000 08:01 1053980    /lib/libnss_mdns4_minimal.so.2
007eb000-007ec000 rw-p 00002000 08:01 1053980    /lib/libnss_mdns4_minimal.so.2
007ec000-007ee000 r-xp 00000000 08:01 851245     /usr/lib/i386-linux-gnu/libxcb-shm.so.0.0.0
007ee000-007ef000 r--p 00001000 08:01 851245     /usr/lib/i386-linux-gnu/libxcb-shm.so.0.0.0
007ef000-007f0000 rw-p 00002000 08:01 851245     /usr/lib/i386-linux-gnu/libxcb-shm.so.0.0.0
007f0000-007ff000 r-xp 00000000 08:01 797657     /usr/lib/i386-linux-gnu/libcanberra.so.0.2.5
007ff000-00800000 r--p 0000e000 08:01 797657     /usr/lib/i386-linux-gnu/libcanberra.so.0.2.5
00800000-00801000 rw-p 0000f000 08:01 797657     /usr/lib/i386-linux-gnu/libcanberra.so.0.2.5
00801000-00809000 r-xp 00000000 08:01 794260     /usr/lib/i386-linux-gnu/libvorbisfile.so.3.3.4
00809000-0080a000 r--p 00007000 08:01 794260     /usr/lib/i386-linux-gnu/libvorbisfile.so.3.3.4
0080a000-0080b000 rw-p 00008000 08:01 794260     /usr/lib/i386-linux-gnu/libvorbisfile.so.3.3.4
0080b000-0081c000 r-xp 00000000 08:01 791339     /usr/lib/i386-linux-gnu/libtdb.so.1.2.9
0081c000-0081d000 r--p 00010000 08:01 791339     /usr/lib/i386-linux-gnu/libtdb.so.1.2.9
0081d000-0081e000 rw-p 00011000 08:01 791339     /usr/lib/i386-linux-gnu/libtdb.so.1.2.9
0081e000-00826000 r-xp 00000000 08:01 797886     /usr/lib/i386-linux-gnu/libltdl.so.7.3.0
00826000-00827000 r--p 00008000 08:01 797886     /usr/lib/i386-linux-gnu/libltdl.so.7.3.0
00827000-00828000 rw-p 00009000 08:01 797886     /usr/lib/i386-linux-gnu/libltdl.so.7.3.0
00828000-0082c000 r-xp 00000000 08:01 918090     /usr/lib/i386-linux-gnu/gdk-pixbuf-2.0/2.10.0/loaders/libpixbufloader-png.so
0082c000-0082d000 r--p 00003000 08:01 918090     /usr/lib/i386-linux-gnu/gdk-pixbuf-2.0/2.10.0/loaders/libpixbufloader-png.so
0082d000-0082e000 rw-p 00004000 08:01 918090     /usr/lib/i386-linux-gnu/gdk-pixbuf-2.0/2.10.0/loaders/libpixbufloader-png.so
0082e000-009cd000 r-xp 00000000 08:01 1065638    /lib/i386-linux-gnu/libc-2.15.so
009cd000-009cf000 r--p 0019f000 08:01 1065638    /lib/i386-linux-gnu/libc-2.15.so
009cf000-009d0000 rw-p 001a1000 08:01 1065638    /lib/i386-linux-gnu/libc-2.15.so
009d0000-009d3000 rw-p 00000000 00:00 0 
009d3000-009d9000 r-xp 00000000 08:01 794177     /usr/lib/i386-linux-gnu/libogg.so.0.7.1
009d9000-009da000 r--p 00005000 08:01 794177     /usr/lib/i386-linux-gnu/libogg.so.0.7.1
009da000-009db000 rw-p 00006000 08:01 794177     /usr/lib/i386-linux-gnu/libogg.so.0.7.1
009db000-009e4000 r-xp 00000000 08:01 716904     /home/pocha/workspace/.metadata/.plugins/org.eclipse.pde.core/pde-junit/org.eclipse.osgi/bundles/245/1/.cp/libswt-atk-gtk-4236.so
009e4000-009e5000 rw-p 00009000 08:01 716904     /home/pocha/workspace/.metadata/.plugins/org.eclipse.pde.core/pde-junit/org.eclipse.osgi/bundles/245/1/.cp/libswt-atk-gtk-4236.so
009e5000-009e8000 r-xp 00000000 08:01 1067145    /lib/i386-linux-gnu/libdl-2.15.so
009e8000-009e9000 r--p 00002000 08:01 1067145    /lib/i386-linux-gnu/libdl-2.15.so
009e9000-009ea000 rw-p 00003000 08:01 1067145    /lib/i386-linux-gnu/libdl-2.15.so
009ea000-00a13000 r-xp 00000000 08:01 794262     /usr/lib/i386-linux-gnu/libvorbis.so.0.4.5
00a13000-00a14000 r--p 00028000 08:01 794262     /usr/lib/i386-linux-gnu/libvorbis.so.0.4.5
00a14000-00a15000 rw-p 00029000 08:01 794262     /usr/lib/i386-linux-gnu/libvorbis.so.0.4.5
00a15000-00a1b000 r-xp 00000000 08:01 918110     /usr/lib/i386-linux-gnu/gtk-2.0/2.10.0/immodules/im-ibus.so
00a1b000-00a1c000 r--p 00005000 08:01 918110     /usr/lib/i386-linux-gnu/gtk-2.0/2.10.0/immodules/im-ibus.so
00a1c000-00a1d000 rw-p 00006000 08:01 918110     /usr/lib/i386-linux-gnu/gtk-2.0/2.10.0/immodules/im-ibus.so
00a1e000-00a48000 r-xp 00000000 08:01 1067146    /lib/i386-linux-gnu/libm-2.15.so
00a48000-00a49000 r--p 00029000 08:01 1067146    /lib/i386-linux-gnu/libm-2.15.so
00a49000-00a4a000 rw-p 0002a000 08:01 1067146    /lib/i386-linux-gnu/libm-2.15.so
00a4a000-00a54000 r-xp 00000000 08:01 717745     /home/pocha/workspace/.metadata/.plugins/org.eclipse.pde.core/pde-junit/org.eclipse.osgi/bundles/245/1/.cp/libswt-cairo-gtk-4236.so
00a54000-00a55000 rw-p 0000a000 08:01 717745     /home/pocha/workspace/.metadata/.plugins/org.eclipse.pde.core/pde-junit/org.eclipse.osgi/bundles/245/1/.cp/libswt-cairo-gtk-4236.so
00a57000-00a89000 r-xp 00000000 08:01 787798     /usr/lib/i386-linux-gnu/libfontconfig.so.1.4.4
00a89000-00a8a000 r--p 00032000 08:01 787798     /usr/lib/i386-linux-gnu/libfontconfig.so.1.4.4
00a8a000-00a8b000 rw-p 00033000 08:01 787798     /usr/lib/i386-linux-gnu/libfontconfig.so.1.4.4
00a8b000-00a8f000 r-xp 00000000 08:01 792122     /usr/lib/i386-linux-gnu/libplc4.so
00a8f000-00a90000 r--p 00003000 08:01 792122     /usr/lib/i386-linux-gnu/libplc4.so
00a90000-00a91000 rw-p 00004000 08:01 792122     /usr/lib/i386-linux-gnu/libplc4.so
00a95000-00aa0000 r-xp 00000000 08:01 1071594    /lib/i386-linux-gnu/libnss_files-2.15.so
00aa0000-00aa1000 r--p 0000a000 08:01 1071594    /lib/i386-linux-gnu/libnss_files-2.15.so
00aa1000-00aa2000 rw-p 0000b000 08:01 1071594    /lib/i386-linux-gnu/libnss_files-2.15.so
00aa2000-00b35000 r-xp 00000000 08:01 787799     /usr/lib/i386-linux-gnu/libpixman-1.so.0.24.4
00b35000-00b39000 r--p 00092000 08:01 787799     /usr/lib/i386-linux-gnu/libpixman-1.so.0.24.4
00b39000-00b3a000 rw-p 00096000 08:01 787799     /usr/lib/i386-linux-gnu/libpixman-1.so.0.24.4
00b3a000-00b4f000 r-xp 00000000 08:01 922286     /usr/lib/i386-linux-gnu/gvfs/libgvfscommon.so
00b4f000-00b50000 r--p 00014000 08:01 922286     /usr/lib/i386-linux-gnu/gvfs/libgvfscommon.so
00b50000-00b51000 rw-p 00015000 08:01 922286     /usr/lib/i386-linux-gnu/gvfs/libgvfscommon.so
00b51000-00b54000 r-xp 00000000 08:01 792123     /usr/lib/i386-linux-gnu/libplds4.so
00b54000-00b55000 r--p 00002000 08:01 792123     /usr/lib/i386-linux-gnu/libplds4.so
00b55000-00b56000 rw-p 00003000 08:01 792123     /usr/lib/i386-linux-gnu/libplds4.so
00b56000-00b5b000 r-xp 00000000 08:01 918084     /usr/lib/i386-linux-gnu/gdk-pixbuf-2.0/2.10.0/loaders/libpixbufloader-gif.so
00b5b000-00b5c000 r--p 00005000 08:01 918084     /usr/lib/i386-linux-gnu/gdk-pixbuf-2.0/2.10.0/loaders/libpixbufloader-gif.so
00b5c000-00b5d000 rw-p 00006000 08:01 918084     /usr/lib/i386-linux-gnu/gdk-pixbuf-2.0/2.10.0/loaders/libpixbufloader-gif.so
00b5f000-00b73000 r-xp 00000000 08:01 1054678    /lib/i386-linux-gnu/libz.so.1.2.3.4
00b73000-00b74000 r--p 00013000 08:01 1054678    /lib/i386-linux-gnu/libz.so.1.2.3.4
00b74000-00b75000 rw-p 00014000 08:01 1054678    /lib/i386-linux-gnu/libz.so.1.2.3.4
00b75000-00ca5000 r-xp 00000000 08:01 791522     /usr/lib/i386-linux-gnu/libX11.so.6.3.0
00ca5000-00ca6000 r--p 0012f000 08:01 791522     /usr/lib/i386-linux-gnu/libX11.so.6.3.0
00ca6000-00ca8000 rw-p 00130000 08:01 791522     /usr/lib/i386-linux-gnu/libX11.so.6.3.0
00ca8000-00ca9000 rw-p 00000000 00:00 0 
00ca9000-00cde000 r-xp 00000000 08:01 921604     /usr/lib/i386-linux-gnu/gtk-2.0/2.10.0/engines/libmurrine.so
00cde000-00cdf000 r--p 00034000 08:01 921604     /usr/lib/i386-linux-gnu/gtk-2.0/2.10.0/engines/libmurrine.so
00cdf000-00ce0000 rw-p 00035000 08:01 921604     /usr/lib/i386-linux-gnu/gtk-2.0/2.10.0/engines/libmurrine.so
00ce0000-00d09000 r-xp 00000000 08:01 922285     /usr/lib/i386-linux-gnu/gio/modules/libgvfsdbus.so
00d09000-00d0a000 r--p 00028000 08:01 922285     /usr/lib/i386-linux-gnu/gio/modules/libgvfsdbus.so
00d0a000-00d0b000 rw-p 00029000 08:01 922285     /usr/lib/i386-linux-gnu/gio/modules/libgvfsdbus.so
00d0b000-00d19000 r-xp 00000000 08:01 1065854    /lib/i386-linux-gnu/libudev.so.0.13.0
00d19000-00d1a000 r--p 0000e000 08:01 1065854    /lib/i386-linux-gnu/libudev.so.0.13.0
00d1a000-00d1b000 rw-p 0000f000 08:01 1065854    /lib/i386-linux-gnu/libudev.so.0.13.0
00d1b000-00d1e000 r-xp 00000000 08:01 918086     /usr/lib/i386-linux-gnu/gdk-pixbuf-2.0/2.10.0/loaders/libpixbufloader-ico.so
00d1e000-00d1f000 r--p 00002000 08:01 918086     /usr/lib/i386-linux-gnu/gdk-pixbuf-2.0/2.10.0/loaders/libpixbufloader-ico.so
00d1f000-00d20000 rw-p 00003000 08:01 918086     /usr/lib/i386-linux-gnu/gdk-pixbuf-2.0/2.10.0/loaders/libpixbufloader-ico.so
00d20000-00d36000 r-xp 00000000 08:01 1071589    /lib/i386-linux-gnu/libnsl-2.15.so
00d36000-00d37000 r--p 00015000 08:01 1071589    /lib/i386-linux-gnu/libnsl-2.15.so
00d37000-00d38000 rw-p 00016000 08:01 1071589    /lib/i386-linux-gnu/libnsl-2.15.so
00d38000-00d3a000 rw-p 00000000 00:00 0 
00d3a000-00d3f000 r-xp 00000000 08:01 1071593    /lib/i386-linux-gnu/libnss_dns-2.15.so
00d3f000-00d40000 r--p 00004000 08:01 1071593    /lib/i386-linux-gnu/libnss_dns-2.15.so
00d40000-00d41000 rw-p 00005000 08:01 1071593    /lib/i386-linux-gnu/libnss_dns-2.15.so
00d42000-00d8e000 r-xp 00000000 08:01 799204     /usr/lib/jvm/java-6-openjdk-i386/jre/lib/i386/xawt/libmawt.so
00d8e000-00d8f000 r--p 0004b000 08:01 799204     /usr/lib/jvm/java-6-openjdk-i386/jre/lib/i386/xawt/libmawt.so
00d8f000-00d91000 rw-p 0004c000 08:01 799204     /usr/lib/jvm/java-6-openjdk-i386/jre/lib/i386/xawt/libmawt.so
00d91000-00d92000 rw-p 00000000 00:00 0 
00d92000-00da3000 r-xp 00000000 08:01 796234     /usr/lib/jvm/java-6-openjdk-i386/jre/lib/i386/libj2pkcs11.so
00da3000-00da4000 r--p 00010000 08:01 796234     /usr/lib/jvm/java-6-openjdk-i386/jre/lib/i386/libj2pkcs11.so
00da4000-00da5000 rw-p 00011000 08:01 796234     /usr/lib/jvm/java-6-openjdk-i386/jre/lib/i386/libj2pkcs11.so
00da5000-00dbf000 r-xp 00000000 08:01 836478     /usr/lib/i386-linux-gnu/libnssutil3.so
00dbf000-00dc2000 r--p 00019000 08:01 836478     /usr/lib/i386-linux-gnu/libnssutil3.so
00dc2000-00dc3000 rw-p 0001c000 08:01 836478     /usr/lib/i386-linux-gnu/libnssutil3.so
00dc4000-00dcb000 r-xp 00000000 08:01 1071592    /lib/i386-linux-gnu/libnss_compat-2.15.so
00dcb000-00dcc000 r--p 00006000 08:01 1071592    /lib/i386-linux-gnu/libnss_compat-2.15.so
00dcc000-00dcd000 rw-p 00007000 08:01 1071592    /lib/i386-linux-gnu/libnss_compat-2.15.so
00dcd000-00dd2000 r-xp 00000000 08:01 923487     /usr/lib/gtk-2.0/2.10.0/menuproxies/libappmenu.so
00dd2000-00dd3000 r--p 00004000 08:01 923487     /usr/lib/gtk-2.0/2.10.0/menuproxies/libappmenu.so
00dd3000-00dd4000 rw-p 00005000 08:01 923487     /usr/lib/gtk-2.0/2.10.0/menuproxies/libappmenu.so
00dd4000-00de5000 r-xp 00000000 08:01 792728     /usr/lib/i386-linux-gnu/libdbusmenu-gtk.so.4.0.13
00de5000-00de6000 r--p 00010000 08:01 792728     /usr/lib/i386-linux-gnu/libdbusmenu-gtk.so.4.0.13
00de6000-00de7000 rw-p 00011000 08:01 792728     /usr/lib/i386-linux-gnu/libdbusmenu-gtk.so.4.0.13
00dea000-00e0a000 r-xp 00000000 08:01 1065635    /lib/i386-linux-gnu/ld-2.15.so
00e0a000-00e0b000 r--p 0001f000 08:01 1065635    /lib/i386-linux-gnu/ld-2.15.so
00e0b000-00e0c000 rw-p 00020000 08:01 1065635    /lib/i386-linux-gnu/ld-2.15.so
00e0c000-0162c000 r-xp 00000000 08:01 796188     /usr/lib/jvm/java-6-openjdk-i386/jre/lib/i386/server/libjvm.so
0162c000-01671000 r--p 0081f000 08:01 796188     /usr/lib/jvm/java-6-openjdk-i386/jre/lib/i386/server/libjvm.so
01671000-01680000 rw-p 00864000 08:01 796188     /usr/lib/jvm/java-6-openjdk-i386/jre/lib/i386/server/libjvm.so
01680000-01a9a000 rw-p 00000000 00:00 0 
01a9a000-01b91000 r-xp 00000000 08:01 1102816    /lib/i386-linux-gnu/libglib-2.0.so.0.3200.3
01b91000-01b92000 r--p 000f6000 08:01 1102816    /lib/i386-linux-gnu/libglib-2.0.so.0.3200.3
01b92000-01b93000 rw-p 000f7000 08:01 1102816    /lib/i386-linux-gnu/libglib-2.0.so.0.3200.3
01b93000-01c27000 r-xp 00000000 08:01 796218     /usr/lib/jvm/java-6-openjdk-i386/jre/lib/i386/libawt.so
01c27000-01c28000 r--p 00093000 08:01 796218     /usr/lib/jvm/java-6-openjdk-i386/jre/lib/i386/libawt.so
01c28000-01c2f000 rw-p 00094000 08:01 796218     /usr/lib/jvm/java-6-openjdk-i386/jre/lib/i386/libawt.so
01c2f000-01c53000 rw-p 00000000 00:00 0 
01c53000-01c8a000 r-xp 00000000 08:01 790851     /usr/lib/i386-linux-gnu/librsvg-2.so.2.36.1
01c8a000-01c8b000 r--p 00036000 08:01 790851     /usr/lib/i386-linux-gnu/librsvg-2.so.2.36.1
01c8b000-01c8c000 rw-p 00037000 08:01 790851     /usr/lib/i386-linux-gnu/librsvg-2.so.2.36.1
03371000-033b8000 r-xp 00000000 08:01 1069431    /lib/i386-linux-gnu/libdbus-1.so.3.5.8
033b8000-033b9000 r--p 00046000 08:01 1069431    /lib/i386-linux-gnu/libdbus-1.so.3.5.8
033b9000-033ba000 rw-p 00047000 08:01 1069431    /lib/i386-linux-gnu/libdbus-1.so.3.5.8
03b99000-03bd3000 r-xp 00000000 08:01 792121     /usr/lib/i386-linux-gnu/libnspr4.so
03bd3000-03bd4000 r--p 00039000 08:01 792121     /usr/lib/i386-linux-gnu/libnspr4.so
03bd4000-03bd5000 rw-p 0003a000 08:01 792121     /usr/lib/i386-linux-gnu/libnspr4.so
03bd5000-03bd7000 rw-p 00000000 00:00 0 
040d9000-04119000 r-xp 00000000 08:01 952713     /usr/lib/i386-linux-gnu/nss/libsoftokn3.so
04119000-0411a000 r--p 00040000 08:01 952713     /usr/lib/i386-linux-gnu/nss/libsoftokn3.so
0411a000-0411b000 rw-p 00041000 08:01 952713     /usr/lib/i386-linux-gnu/nss/libsoftokn3.so
043a1000-044e8000 r-xp 00000000 08:01 803496     /usr/lib/i386-linux-gnu/libxml2.so.2.7.8
044e8000-044ec000 r--p 00147000 08:01 803496     /usr/lib/i386-linux-gnu/libxml2.so.2.7.8
044ec000-044ed000 rw-p 0014b000 08:01 803496     /usr/lib/i386-linux-gnu/libxml2.so.2.7.8
044ed000-044ee000 rw-p 00000000 00:00 0 
0461a000-046bc000 r-xp 00000000 08:01 803198     /usr/lib/i386-linux-gnu/libsqlite3.so.0.8.6
046bc000-046bd000 r--p 000a2000 08:01 803198     /usr/lib/i386-linux-gnu/libsqlite3.so.0.8.6
046bd000-046be000 rw-p 000a3000 08:01 803198     /usr/lib/i386-linux-gnu/libsqlite3.so.0.8.6
046be000-046bf000 rw-p 00000000 00:00 0 
04755000-0479d000 r-xp 00000000 08:01 796195     /usr/lib/jvm/java-6-openjdk-i386/jre/lib/i386/libfontmanager.so
0479d000-0479e000 r--p 00048000 08:01 796195     /usr/lib/jvm/java-6-openjdk-i386/jre/lib/i386/libfontmanager.so
0479e000-0479f000 rw-p 00049000 08:01 796195     /usr/lib/jvm/java-6-openjdk-i386/jre/lib/i386/libfontmanager.so
04bc4000-05024000 r-xp 00000000 08:01 789182     /usr/lib/i386-linux-gnu/libgtk-x11-2.0.so.0.2400.10
05024000-05028000 r--p 00460000 08:01 789182     /usr/lib/i386-linux-gnu/libgtk-x11-2.0.so.0.2400.10
05028000-0502a000 rw-p 00464000 08:01 789182     /usr/lib/i386-linux-gnu/libgtk-x11-2.0.so.0.2400.10
0502a000-0502c000 rw-p 00000000 00:00 0 
0571a000-0583f000 r-xp 00000000 08:01 836480     /usr/lib/i386-linux-gnu/libnss3.so
0583f000-05842000 r--p 00124000 08:01 836480     /usr/lib/i386-linux-gnu/libnss3.so
05842000-05844000 rw-p 00127000 08:01 836480     /usr/lib/i386-linux-gnu/libnss3.so
05ca5000-05df8000 r-xp 00000000 08:01 786604     /usr/lib/i386-linux-gnu/libgio-2.0.so.0.3200.3
05df8000-05dfa000 r--p 00153000 08:01 786604     /usr/lib/i386-linux-gnu/libgio-2.0.so.0.3200.3
05dfa000-05dfb000 rw-p 00155000 08:01 786604     /usr/lib/i386-linux-gnu/libgio-2.0.so.0.3200.3
05dfb000-05dfc000 rw-p 00000000 00:00 0 
06f20000-06f64000 r-xp 00000000 08:01 793929     /usr/lib/i386-linux-gnu/libibus-1.0.so.0.401.0
06f64000-06f65000 r--p 00043000 08:01 793929     /usr/lib/i386-linux-gnu/libibus-1.0.so.0.401.0
06f65000-06f66000 rw-p 00044000 08:01 793929     /usr/lib/i386-linux-gnu/libibus-1.0.so.0.401.0
0771f000-0776f000 r-xp 00000000 08:01 952710     /usr/lib/i386-linux-gnu/nss/libfreebl3.so
0776f000-07770000 r--p 00050000 08:01 952710     /usr/lib/i386-linux-gnu/nss/libfreebl3.so
07770000-07771000 rw-p 00051000 08:01 952710     /usr/lib/i386-linux-gnu/nss/libfreebl3.so
07771000-07775000 rw-p 00000000 00:00 0 
08048000-08051000 r-xp 00000000 08:01 796130     /usr/lib/jvm/java-6-openjdk-i386/jre/bin/java
08051000-08052000 r--p 00008000 08:01 796130     /usr/lib/jvm/java-6-openjdk-i386/jre/bin/java
08052000-08053000 rw-p 00009000 08:01 796130     /usr/lib/jvm/java-6-openjdk-i386/jre/bin/java
08da1000-08dbb000 r-xp 00000000 08:01 792924     /usr/lib/i386-linux-gnu/libdbusmenu-glib.so.4.0.13
08dbb000-08dbc000 r--p 00019000 08:01 792924     /usr/lib/i386-linux-gnu/libdbusmenu-glib.so.4.0.13
08dbc000-08dbd000 rw-p 0001a000 08:01 792924     /usr/lib/i386-linux-gnu/libdbusmenu-glib.so.4.0.13
09130000-09168000 r-xp 00000000 08:01 788236     /usr/lib/i386-linux-gnu/libcroco-0.6.so.3.0.1
09168000-09169000 ---p 00038000 08:01 788236     /usr/lib/i386-linux-gnu/libcroco-0.6.so.3.0.1
09169000-0916b000 r--p 00038000 08:01 788236     /usr/lib/i386-linux-gnu/libcroco-0.6.so.3.0.1
0916b000-0916c000 rw-p 0003a000 08:01 788236     /usr/lib/i386-linux-gnu/libcroco-0.6.so.3.0.1
0960d000-15759000 rw-p 00000000 00:00 0          [heap]
5b687000-5b68a000 ---p 00000000 00:00 0 
5b68a000-5b6d8000 rw-p 00000000 00:00 0 
5b6d8000-5b7af000 r--s 013f2000 08:01 706045     /home/pocha/Desktop/adt-bundle-linux-x86-20131030/sdk/platforms/android-19/android.jar
5b7af000-5b7b2000 ---p 00000000 00:00 0 
5b7b2000-5b800000 rw-p 00000000 00:00 0 
5b800000-5b821000 rw-p 00000000 00:00 0 
5b821000-5b900000 ---p 00000000 00:00 0 
5b90d000-5b910000 ---p 00000000 00:00 0 
5b910000-5b95e000 rw-p 00000000 00:00 0 
5b95e000-5b961000 ---p 00000000 00:00 0 
5b961000-5b9af000 rw-p 00000000 00:00 0 
5b9af000-5b9b2000 ---p 00000000 00:00 0 
5b9b2000-5ba00000 rw-p 00000000 00:00 0 
5ba00000-5bafd000 rw-p 00000000 00:00 0 
5bafd000-5bb00000 ---p 00000000 00:00 0 
5bb00000-5bc00000 rw-p 00000000 00:00 0 
5bc00000-5bcf9000 rw-p 00000000 00:00 0 
5bcf9000-5bd00000 ---p 00000000 00:00 0 
5bd00000-5bd71000 rw-p 00000000 00:00 0 
5bd71000-5be00000 ---p 00000000 00:00 0 
5be00000-5c000000 rw-p 00000000 00:00 0 
5c000000-5c0fb000 rw-p 00000000 00:00 0 
5c0fb000-5c100000 ---p 00000000 00:00 0 
5c100000-5c1f9000 rw-p 00000000 00:00 0 
5c1f9000-5c200000 ---p 00000000 00:00 0 
5c200000-5c2fd000 rw-p 00000000 00:00 0 
5c2fd000-5c300000 ---p 00000000 00:00 0 
5c335000-5c338000 ---p 00000000 00:00 0 
5c338000-5c386000 rw-p 00000000 00:00 0 
5c386000-5c389000 ---p 00000000 00:00 0 
5c389000-5c3d7000 rw-p 00000000 00:00 0 
5c3fc000-5c3ff000 ---p 00000000 00:00 0 
5c3ff000-5c44d000 rw-p 00000000 00:00 0 
5c44d000-5c450000 ---p 00000000 00:00 0 
5c450000-5c49e000 rw-p 00000000 00:00 0 
5c49e000-5c4a1000 ---p 00000000 00:00 0 
5c4a1000-5c4ef000 rw-p 00000000 00:00 0 
5c4ef000-5c4f2000 ---p 00000000 00:00 0 
5c4f2000-5c540000 rw-p 00000000 00:00 0 
5c540000-5c543000 ---p 00000000 00:00 0 
5c543000-5c591000 rw-p 00000000 00:00 0 
5c5af000-5c5b2000 ---p 00000000 00:00 0 
5c5b2000-5c600000 rw-p 00000000 00:00 0 
5c600000-5c6fe000 rw-p 00000000 00:00 0 
5c6fe000-5c700000 ---p 00000000 00:00 0 
5c706000-5c74f000 r--s 0040a000 08:01 660564     /home/pocha/Desktop/adt-bundle-linux-x86-20131030/eclipse/plugins/org.eclipse.cdt.core_5.3.2.201202111925.jar
5c74f000-5c752000 ---p 00000000 00:00 0 
5c752000-5c7a0000 rw-p 00000000 00:00 0 
5c7a0000-5c800000 rw-s 00000000 00:04 163843     /SYSV00000000 (deleted)
5c800000-5c8ea000 rw-p 00000000 00:00 0 
5c8ea000-5c900000 ---p 00000000 00:00 0 
5c906000-5c95d000 r--s 004b4000 08:01 660475     /home/pocha/Desktop/adt-bundle-linux-x86-20131030/eclipse/plugins/org.eclipse.cdt.ui_5.3.2.201202111925.jar
5c95d000-5c960000 ---p 00000000 00:00 0 
5c960000-5c9ae000 rw-p 00000000 00:00 0 
5c9ae000-5c9b1000 ---p 00000000 00:00 0 
5c9b1000-5c9ff000 rw-p 00000000 00:00 0 
5c9ff000-5ca00000 ---p 00000000 00:00 0 
5ca00000-5d200000 rw-p 00000000 00:00 0 
5d200000-5d2eb000 rw-p 00000000 00:00 0 
5d2eb000-5d300000 ---p 00000000 00:00 0 
5d300000-5d400000 rw-p 00000000 00:00 0 
5d400000-5d4f6000 rw-p 00000000 00:00 0 
5d4f6000-5d500000 ---p 00000000 00:00 0 
5d500000-5d5ea000 rw-p 00000000 00:00 0 
5d5ea000-5d600000 ---p 00000000 00:00 0 
5d600000-5d6f7000 rw-p 00000000 00:00 0 
5d6f7000-5d700000 ---p 00000000 00:00 0 
5d700000-5d7f9000 rw-p 00000000 00:00 0 
5d7f9000-5d800000 ---p 00000000 00:00 0 
5d800000-5d8f2000 rw-p 00000000 00:00 0 
5d8f2000-5d900000 ---p 00000000 00:00 0 
5d900000-5d9f5000 rw-p 00000000 00:00 0 
5d9f5000-5da00000 ---p 00000000 00:00 0 
5da00000-5dad8000 rw-p 00000000 00:00 0 
5dad8000-5db00000 ---p 00000000 00:00 0 
5db07000-5eb00000 r--p 00000000 08:01 457958     /usr/share/icons/hicolor/icon-theme.cache
5eb00000-5ebf4000 rw-p 00000000 00:00 0 
5ebf4000-5ec00000 ---p 00000000 00:00 0 
5ec2c000-5f517000 r--p 00000000 08:01 406030     /usr/share/icons/gnome/icon-theme.cache
5f517000-5f600000 r--p 00000000 08:01 396207     /usr/share/icons/Humanity/icon-theme.cache
5f600000-5f6f8000 rw-p 00000000 00:00 0 
5f6f8000-5f700000 ---p 00000000 00:00 0 
5f700000-5f800000 rw-p 00000000 00:00 0 
5f800000-5fa00000 rw-p 00000000 00:00 0 
5fa00000-5fc00000 rw-p 00000000 00:00 0 
5fc00000-5fe00000 rw-p 00000000 00:00 0 
5fe00000-60000000 rw-p 00000000 00:00 0 
60000000-60100000 rw-p 00000000 00:00 0 
60100000-60200000 rw-p 00000000 00:00 0 
60200000-60400000 rw-p 00000000 00:00 0 
60400000-60600000 rw-p 00000000 00:00 0 
60600000-607f1000 rw-p 00000000 00:00 0 
607f1000-60800000 ---p 00000000 00:00 0 
60800000-608fb000 rw-p 00000000 00:00 0 
608fb000-60900000 ---p 00000000 00:00 0 
60908000-60923000 r--s 00146000 08:01 660383     /home/pocha/Desktop/adt-bundle-linux-x86-20131030/eclipse/plugins/org.eclipse.team.ui_3.6.201.v20130125-135424.jar
60923000-6094d000 r--s 0046e000 08:01 660134     /home/pocha/Desktop/adt-bundle-linux-x86-20131030/eclipse/plugins/org.eclipse.jdt.core_3.8.3.v20130121-145325.jar
60959000-609fe000 r--p 00000000 08:01 131824     /usr/share/fonts/truetype/ttf-dejavu/DejaVuSans-Bold.ttf
609fe000-60a01000 ---p 00000000 00:00 0 
60a01000-60a4f000 rw-p 00000000 00:00 0 
60a4f000-60a52000 ---p 00000000 00:00 0 
60a52000-60aa0000 rw-p 00000000 00:00 0 
60aa0000-60b00000 rw-s 00000000 00:04 131074     /SYSV00000000 (deleted)
60b00000-60bfe000 rw-p 00000000 00:00 0 
60bfe000-60c00000 ---p 00000000 00:00 0 
60c0d000-60c10000 ---p 00000000 00:00 0 
60c10000-60c5e000 rw-p 00000000 00:00 0 
60c5e000-60c61000 ---p 00000000 00:00 0 
60c61000-60caf000 rw-p 00000000 00:00 0 
60caf000-60cb2000 ---p 00000000 00:00 0 
60cb2000-60d00000 rw-p 00000000 00:00 0 
60d00000-60dfb000 rw-p 00000000 00:00 0 
60dfb000-60e00000 ---p 00000000 00:00 0 
60e13000-60e26000 r--s 000e0000 08:01 660533     /home/pocha/Desktop/adt-bundle-linux-x86-20131030/eclipse/plugins/org.eclipse.jface.text_3.8.2.v20121126-164145.jar
60e26000-60e29000 ---p 00000000 00:00 0 
60e29000-60e77000 rw-p 00000000 00:00 0 
60e77000-60eb3000 r--s 00629000 08:01 660545     /home/pocha/Desktop/adt-bundle-linux-x86-20131030/eclipse/plugins/com.ibm.icu_4.4.2.v20110823.jar
60ebb000-60ecb000 r--s 00111000 08:01 660555     /home/pocha/Desktop/adt-bundle-linux-x86-20131030/eclipse/plugins/org.eclipse.cdt.managedbuilder.core_8.0.2.201202111925.jar
60ed4000-60efe000 r--s 001f3000 08:01 660532     /home/pocha/Desktop/adt-bundle-linux-x86-20131030/eclipse/plugins/org.eclipse.egit.ui_2.2.0.201212191850-r.jar
60efe000-60eff000 ---p 00000000 00:00 0 
60eff000-616ff000 rw-p 00000000 00:00 0 
616ff000-61700000 ---p 00000000 00:00 0 
61700000-61f00000 rw-p 00000000 00:00 0 
61f00000-61ffa000 rw-p 00000000 00:00 0 
61ffa000-62000000 ---p 00000000 00:00 0 
62002000-62026000 r--s 001aa000 08:01 718035     /home/pocha/workspace/.metadata/.plugins/org.eclipse.pde.core/pde-junit/org.eclipse.osgi/bundles/7/1/.cp/libs/guava-13.0.1.jar
62026000-620bc000 r--s 00946000 08:01 660468     /home/pocha/Desktop/adt-bundle-linux-x86-20131030/eclipse/plugins/org.eclipse.jdt.ui_3.8.2.v20130107-165834.jar
620bf000-620c8000 r--s 0005f000 08:01 659594     /home/pocha/Desktop/adt-bundle-linux-x86-20131030/eclipse/plugins/org.eclipse.jdt.junit_3.7.100.v20120523-1543.jar
620c8000-620d8000 r--s 000dc000 08:01 660369     /home/pocha/Desktop/adt-bundle-linux-x86-20131030/eclipse/plugins/org.eclipse.ant.ui_3.5.301.v20121210-210948.jar
620d8000-620f2000 r--s 00175000 08:01 660256     /home/pocha/Desktop/adt-bundle-linux-x86-20131030/eclipse/plugins/org.eclipse.jgit_2.2.0.201212191850-r.jar
62100000-621f8000 rw-p 00000000 00:00 0 
621f8000-62200000 ---p 00000000 00:00 0 
62206000-62218000 r--s 000db000 08:01 660372     /home/pocha/Desktop/adt-bundle-linux-x86-20131030/eclipse/plugins/org.eclipse.wst.xml.ui_1.1.202.v201112071516.jar
62218000-62224000 r--s 00081000 08:01 660559     /home/pocha/Desktop/adt-bundle-linux-x86-20131030/eclipse/plugins/org.eclipse.ui.editors_3.8.0.v20120523-1540.jar
62224000-62257000 r--s 0024c000 08:01 660216     /home/pocha/Desktop/adt-bundle-linux-x86-20131030/eclipse/plugins/org.eclipse.debug.ui_3.8.2.v20130130-171415.jar
6225c000-622ae000 r--p 00000000 08:01 134914     /usr/share/fonts/truetype/ubuntu-font-family/Ubuntu-B.ttf
622ae000-62300000 r--p 00000000 08:01 131825     /usr/share/fonts/truetype/ttf-dejavu/DejaVuSansMono.ttf
62300000-623fa000 rw-p 00000000 00:00 0 
623fa000-62400000 ---p 00000000 00:00 0 
62400000-624e7000 rw-p 00000000 00:00 0 
624e7000-62500000 ---p 00000000 00:00 0 
62500000-626fc000 rw-p 00000000 00:00 0 
626fc000-62700000 ---p 00000000 00:00 0 
62700000-627fe000 rw-p 00000000 00:00 0 
627fe000-62800000 ---p 00000000 00:00 0 
62800000-628fa000 rw-p 00000000 00:00 0 
628fa000-62900000 ---p 00000000 00:00 0 
62900000-629f3000 rw-p 00000000 00:00 0 
629f3000-62a00000 ---p 00000000 00:00 0 
62a00000-62a42000 r--s 00360000 08:01 660095     /home/pocha/Desktop/adt-bundle-linux-x86-20131030/eclipse/plugins/org.eclipse.ui.workbench_3.104.0.v20130204-164612.jar
62a42000-62a6a000 r--s 00219000 08:01 660407     /home/pocha/Desktop/adt-bundle-linux-x86-20131030/eclipse/plugins/org.eclipse.ui.ide_3.8.2.v20121106-165923.jar
62a6d000-62a75000 r--s 0004e000 08:01 718036     /home/pocha/workspace/.metadata/.plugins/org.eclipse.pde.core/pde-junit/org.eclipse.osgi/bundles/7/1/.cp/libs/httpclient-4.1.1.jar
62a75000-62aa9000 r--s 006d7000 08:01 660215     /home/pocha/Desktop/adt-bundle-linux-x86-20131030/eclipse/plugins/com.android.ide.eclipse.adt_22.3.0.v201310242005-887826.jar
62aa9000-62b00000 r--p 00000000 08:01 134885     /usr/share/fonts/truetype/ubuntu-font-family/Ubuntu-R.ttf
62b00000-62bf9000 rw-p 00000000 00:00 0 
62bf9000-62c00000 ---p 00000000 00:00 0 
62c03000-62c0d000 r--s 00067000 08:01 660240     /home/pocha/Desktop/adt-bundle-linux-x86-20131030/eclipse/plugins/org.eclipse.cdt.make.ui_7.1.2.201202111925.jar
62c0d000-62c18000 r--p 00000000 08:01 403482     /usr/share/icons/Humanity-Dark/icon-theme.cache
62c1d000-62c30000 r--s 000e4000 08:01 659614     /home/pocha/Desktop/adt-bundle-linux-x86-20131030/eclipse/plugins/org.eclipse.wst.sse.ui_1.3.2.v201201041522.jar
62c30000-62c3a000 r--s 00062000 08:01 660514     /home/pocha/Desktop/adt-bundle-linux-x86-20131030/eclipse/plugins/org.eclipse.wst.sse.core_1.1.602.v201112071516.jar
62c3a000-62c42000 r--s 00061000 08:01 732333     /home/pocha/Desktop/adt-bundle-linux-x86-20131030/eclipse/plugins/org.apache.log4j_1.2.15.v201012070815.jar
62c42000-62c53000 r--s 0009e000 08:01 732636     /home/pocha/Desktop/adt-bundle-linux-x86-20131030/eclipse/plugins/org.eclipse.swtbot.swt.finder_2.2.1.201402241301.jar
62c53000-62c5e000 r--s 000bb000 08:01 659616     /home/pocha/Desktop/adt-bundle-linux-x86-20131030/eclipse/plugins/org.eclipse.core.resources_3.8.1.v20121114-124432.jar
62c5e000-62c7a000 r--s 00000000 08:01 1182582    /usr/share/mime/mime.cache
62c7a000-62c7d000 ---p 00000000 00:00 0 
62c7d000-62ccb000 rw-p 00000000 00:00 0 
62cdd000-62ce6000 r--s 00059000 08:01 660516     /home/pocha/Desktop/adt-bundle-linux-x86-20131030/eclipse/plugins/org.eclipse.team.core_3.6.100.v20120524-0627.jar
62ce6000-62cee000 r--s 0008a000 08:01 719715     /home/pocha/workspace/.metadata/.plugins/org.eclipse.pde.core/pde-junit/org.eclipse.osgi/bundles/7/1/.cp/libs/sdklib.jar
62d00000-62e00000 rw-p 00000000 00:00 0 
62e03000-62e05000 r--s 00005000 08:01 718038     /home/pocha/workspace/.metadata/.plugins/org.eclipse.pde.core/pde-junit/org.eclipse.osgi/bundles/7/1/.cp/libs/httpmime-4.1.jar
62e05000-62e07000 r--s 00000000 08:01 923939     /var/cache/fontconfig/99e8ed0e538f840c565b6ed5dad60d56-le32d4.cache-3
62e07000-62e0d000 r--s 00000000 08:01 921469     /var/cache/fontconfig/a6d8cf8e4ec09cdbc8633c31745a07dd-le32d4.cache-3
62e0d000-62e10000 r--s 00000000 08:01 920982     /var/cache/fontconfig/2cd17615ca594fa2959ae173292e504c-le32d4.cache-3
62e10000-62e11000 r--s 00000000 08:01 920540     /var/cache/fontconfig/e7071f4a29fa870f4323321c154eba04-le32d4.cache-3
62e11000-62e12000 r--s 00000000 08:01 935188     /var/cache/fontconfig/0d8c3b2ac0904cb8a57a757ad11a4a08-le32d4.cache-3
62e12000-62e16000 r--s 00000000 08:01 935187     /var/cache/fontconfig/a755afe4a08bf5b97852ceb7400b47bc-le32d4.cache-3
62e16000-62e1d000 r--s 00000000 08:01 974779     /var/cache/fontconfig/6d41288fd70b0be22e8c3a91e032eec0-le32d4.cache-3
62e1d000-62e28000 r--s 00000000 08:01 935185     /var/cache/fontconfig/04aabc0a78ac019cf9454389977116d2-le32d4.cache-3
62e28000-62e2c000 r--s 00000000 08:01 935178     /var/cache/fontconfig/b47c4e1ecd0709278f4910c18777a504-le32d4.cache-3
62e2c000-62e39000 r--s 00000000 08:01 923213     /var/cache/fontconfig/d52a8644073d54c13679302ca1180695-le32d4.cache-3
62e39000-62e5e000 r--p 00000000 08:01 198200     /usr/share/glib-2.0/schemas/gschemas.compiled
62e5e000-62e61000 ---p 00000000 00:00 0 
62e61000-62eaf000 rw-p 00000000 00:00 0 
62eaf000-62eb2000 ---p 00000000 00:00 0 
62eb2000-62f00000 rw-p 00000000 00:00 0 
62f00000-62ffa000 rw-p 00000000 00:00 0 
62ffa000-63000000 ---p 00000000 00:00 0 
63001000-63006000 r--s 00028000 08:01 718037     /home/pocha/workspace/.metadata/.plugins/org.eclipse.pde.core/pde-junit/org.eclipse.osgi/bundles/7/1/.cp/libs/httpcore-4.1.jar
6300d000-6300e000 r--s 00000000 08:01 923945     /var/cache/fontconfig/c05880de57d1f5e948fdfacc138775d9-le32d4.cache-3
6300e000-63024000 r--s 00233000 08:01 660078     /home/pocha/Desktop/adt-bundle-linux-x86-20131030/eclipse/plugins/org.eclipse.swt.gtk.linux.x86_3.100.1.v4236b.jar
63024000-63027000 ---p 00000000 00:00 0 
63027000-63075000 rw-p 00000000 00:00 0 
63078000-6307c000 r--s 0001e000 08:01 659592     /home/pocha/Desktop/adt-bundle-linux-x86-20131030/eclipse/plugins/org.eclipse.ui.externaltools_3.2.100.v20120530-1753.jar
63094000-63098000 r--s 0001f000 08:01 732338     /home/pocha/Desktop/adt-bundle-linux-x86-20131030/eclipse/plugins/org.eclipse.swtbot.eclipse.finder_2.2.1.201402241301.jar
63098000-630a2000 r--s 00066000 08:01 660436     /home/pocha/Desktop/adt-bundle-linux-x86-20131030/eclipse/plugins/org.eclipse.ltk.ui.refactoring_3.7.0.v20120523-1543.jar
630a2000-630a4000 r--s 0000d000 08:01 718034     /home/pocha/workspace/.metadata/.plugins/org.eclipse.pde.core/pde-junit/org.eclipse.osgi/bundles/7/1/.cp/libs/commons-logging-1.1.1.jar
630b9000-630c7000 r--s 000a6000 08:01 660085     /home/pocha/Desktop/adt-bundle-linux-x86-20131030/eclipse/plugins/org.eclipse.wst.xml.core_1.1.602.v201201091944.jar
630c7000-630ca000 r--s 00013000 08:01 732447     /home/pocha/Desktop/adt-bundle-linux-x86-20131030/eclipse/plugins/org.eclipse.swtbot.generator_2.2.1.201402241301.jar
630ca000-630cd000 r--s 0001a000 08:01 660385     /home/pocha/Desktop/adt-bundle-linux-x86-20131030/eclipse/plugins/org.eclipse.equinox.p2.metadata.repository_1.2.100.v20120524-1717.jar
630cd000-630f0000 r--p 00000000 08:01 408732     /usr/share/icons/ubuntu-mono-dark/icon-theme.cache
630f0000-630f7000 r--s 00049000 08:01 660576     /home/pocha/Desktop/adt-bundle-linux-x86-20131030/eclipse/plugins/org.eclipse.ltk.core.refactoring_3.6.0.v20120523-1543.jar
630f7000-63100000 r--s 0006a000 08:01 660558     /home/pocha/Desktop/adt-bundle-linux-x86-20131030/eclipse/plugins/org.eclipse.search_3.8.0.v20120523-1540.jar
63100000-63200000 rw-p 00000000 00:00 0 
63200000-632f8000 rw-p 00000000 00:00 0 
632f8000-63300000 ---p 00000000 00:00 0 
63300000-63306000 r--s 00000000 08:01 923943     /var/cache/fontconfig/945677eb7aeaf62f1d50efc3fb3ec7d8-le32d4.cache-3
63306000-63309000 r--s 00000000 08:01 935184     /var/cache/fontconfig/385c0604a188198f04d133e54aba7fe7-le32d4.cache-3
6330c000-63312000 r--s 00046000 08:01 660529     /home/pocha/Desktop/adt-bundle-linux-x86-20131030/eclipse/plugins/org.eclipse.egit.core_2.2.0.201212191850-r.jar
63312000-6331a000 r--s 0004c000 08:01 660454     /home/pocha/Desktop/adt-bundle-linux-x86-20131030/eclipse/plugins/org.eclipse.equinox.p2.metadata_2.1.0.v20120430-2001.jar
6331a000-6331e000 r--s 00026000 08:01 660467     /home/pocha/Desktop/adt-bundle-linux-x86-20131030/eclipse/plugins/org.eclipse.e4.ui.workbench.swt_0.10.3.v20130124-133900.jar
6331e000-6331f000 r--s 00000000 08:01 935183     /var/cache/fontconfig/4794a0821666d79190d59a36cb4f44b5-le32d4.cache-3
6331f000-63322000 r--s 00000000 08:01 935182     /var/cache/fontconfig/8801497958630a81b71ace7c5f9b32a8-le32d4.cache-3
63322000-63326000 r--s 00000000 08:01 935181     /var/cache/fontconfig/3047814df9a2f067bd2d96a2b9c36e5a-le32d4.cache-3
63326000-63327000 r--s 00000000 08:01 935180     /var/cache/fontconfig/56cf4f4769d0f4abc89a4895d7bd3ae1-le32d4.cache-3
63327000-6332f000 r--s 00000000 08:01 955018     /var/cache/fontconfig/e13b20fdb08344e0e664864cc2ede53d-le32d4.cache-3
6332f000-63332000 r--s 00000000 08:01 935646     /var/cache/fontconfig/7ef2298fde41cc6eeb7af42e48b7d293-le32d4.cache-3
63332000-63335000 r--p 00000000 08:01 718030     /home/pocha/.config/dconf/user
63336000-63338000 r--s 0000c000 08:01 732638     /home/pocha/Desktop/adt-bundle-linux-x86-20131030/eclipse/plugins/org.hamcrest.core_1.3.0.v201303031735.jar
6333b000-6333f000 r--s 0001d000 08:01 660136     /home/pocha/Desktop/adt-bundle-linux-x86-20131030/eclipse/plugins/org.eclipse.equinox.p2.repository_2.2.0.v20120524-1945.jar
6333f000-63347000 r--s 0004d000 08:01 660209     /home/pocha/Desktop/adt-bundle-linux-x86-20131030/eclipse/plugins/org.eclipse.debug.core_3.7.100.v20120521-2012.jar
63349000-6334a000 r--s 00004000 08:01 660552     /home/pocha/Desktop/adt-bundle-linux-x86-20131030/eclipse/plugins/org.eclipse.swt_3.100.1.v4236b.jar
6334a000-6335e000 r--s 000f7000 08:01 660549     /home/pocha/Desktop/adt-bundle-linux-x86-20131030/eclipse/plugins/org.eclipse.jface_3.8.102.v20130123-162658.jar
63360000-63363000 r--s 00010000 08:01 732401     /home/pocha/Desktop/adt-bundle-linux-x86-20131030/eclipse/plugins/org.eclipse.swtbot.eclipse.ui_2.2.1.201402241301.jar
63363000-63367000 r--s 00020000 08:01 718033     /home/pocha/workspace/.metadata/.plugins/org.eclipse.pde.core/pde-junit/org.eclipse.osgi/bundles/7/1/.cp/libs/commons-compress-1.0.jar
63369000-6336c000 r--s 00018000 08:01 660550     /home/pocha/Desktop/adt-bundle-linux-x86-20131030/eclipse/plugins/org.eclipse.equinox.security_1.1.100.v20120522-1841.jar
6336c000-6336e000 r--s 00015000 08:01 660515     /home/pocha/Desktop/adt-bundle-linux-x86-20131030/eclipse/plugins/org.eclipse.core.contenttype_3.4.200.v20120523-2004.jar
6336e000-63373000 r--s 0003a000 08:01 719772     /home/pocha/workspace/.metadata/.plugins/org.eclipse.pde.core/pde-junit/org.eclipse.osgi/bundles/7/1/.cp/libs/sdk-common.jar
63377000-63379000 r--s 00010000 08:01 660247     /home/pocha/Desktop/adt-bundle-linux-x86-20131030/eclipse/plugins/org.eclipse.equinox.p2.core_2.2.0.v20120430-0525.jar
63379000-6337b000 r--s 0000d000 08:01 718032     /home/pocha/workspace/.metadata/.plugins/org.eclipse.pde.core/pde-junit/org.eclipse.osgi/bundles/7/1/.cp/libs/commons-codec-1.4.jar
6337b000-6337e000 r--s 00018000 08:01 660384     /home/pocha/Desktop/adt-bundle-linux-x86-20131030/eclipse/plugins/org.eclipse.equinox.common_3.6.100.v20120522-1841.jar
6337e000-63380000 r--s 00010000 08:01 718029     /home/pocha/workspace/.metadata/.plugins/org.eclipse.pde.core/pde-junit/org.eclipse.osgi/bundles/7/1/.cp/libs/common.jar
63381000-63385000 r--s 0001a000 08:01 660221     /home/pocha/Desktop/adt-bundle-linux-x86-20131030/eclipse/plugins/org.eclipse.ui.navigator.resources_3.4.400.v20120705-114010.jar
63385000-6338a000 r--s 0003b000 08:01 722026     /home/pocha/workspace/.metadata/.plugins/org.eclipse.pde.core/pde-junit/org.eclipse.osgi/bundles/8/1/.cp/libs/ddmlib.jar
6338a000-6338f000 r--s 00045000 08:01 660135     /home/pocha/Desktop/adt-bundle-linux-x86-20131030/eclipse/plugins/org.eclipse.ui.forms_3.5.200.v20120705-114351.jar
63391000-63397000 r--s 00034000 08:01 660440     /home/pocha/Desktop/adt-bundle-linux-x86-20131030/eclipse/plugins/org.junit_4.10.0.v4_10_0_v20120426-0900/junit.jar
63397000-63399000 r--s 00002000 08:01 660103     /home/pocha/Desktop/adt-bundle-linux-x86-20131030/eclipse/plugins/org.eclipse.core.runtime.compatibility.registry_3.5.101.v20130108-163257/runtime_registry_compatibility.jar
63399000-6339c000 r--s 0002a000 08:01 660242     /home/pocha/Desktop/adt-bundle-linux-x86-20131030/eclipse/plugins/org.eclipse.equinox.registry_3.5.200.v20120522-1841.jar
6339c000-6339d000 r--s 00000000 08:01 935179     /var/cache/fontconfig/b9d506c9ac06c20b433354fa67a72993-le32d4.cache-3
6339d000-633a1000 r--s 0001d000 08:01 660392     /home/pocha/Desktop/adt-bundle-linux-x86-20131030/eclipse/plugins/org.eclipse.e4.ui.workbench.addons.swt_0.10.3.v20130124-185622.jar
633a1000-633ab000 r--s 0005a000 08:01 660130     /home/pocha/Desktop/adt-bundle-linux-x86-20131030/eclipse/plugins/org.eclipse.ui.navigator_3.5.200.v20120705-114103.jar
633ab000-633ad000 r--s 0000d000 08:01 660561     /home/pocha/Desktop/adt-bundle-linux-x86-20131030/eclipse/plugins/org.eclipse.equinox.p2.ui.sdk.scheduler_1.1.0.v20110815-1744.jar
633ad000-633af000 r--s 00013000 08:01 792388     /usr/lib/jvm/java-6-openjdk-common/jre/lib/jce.jar
633af000-633b2000 ---p 00000000 00:00 0 
633b2000-63400000 rw-p 00000000 00:00 0 
63400000-634ff000 rw-p 00000000 00:00 0 
634ff000-63500000 ---p 00000000 00:00 0 
63500000-63501000 r--s 00000000 08:01 717752     /home/pocha/.cache/dconf/user
63501000-63503000 r--s 00004000 08:01 660129     /home/pocha/Desktop/adt-bundle-linux-x86-20131030/eclipse/plugins/org.eclipse.cdt.codan.ui.cxx_2.0.0.201202111925.jar
63503000-63506000 ---p 00000000 00:00 0 
63506000-63554000 rw-p 00000000 00:00 0 
63554000-63557000 ---p 00000000 00:00 0 
63557000-635a5000 rw-p 00000000 00:00 0 
635a5000-635a8000 ---p 00000000 00:00 0 
635a8000-635f6000 rw-p 00000000 00:00 0 
635f6000-635f7000 ---p 00000000 00:00 0 
635f7000-63677000 rw-p 00000000 00:00 0 
63677000-6367a000 ---p 00000000 00:00 0 
6367a000-636c8000 rw-p 00000000 00:00 0 
636c8000-636cb000 ---p 00000000 00:00 0 
636cb000-63749000 rw-p 00000000 00:00 0 
63749000-6374c000 ---p 00000000 00:00 0 
6374c000-637ca000 rw-p 00000000 00:00 0 
637ca000-637cd000 ---p 00000000 00:00 0 
637cd000-6381b000 rw-p 00000000 00:00 0 
6381b000-63a1b000 r--p 00000000 08:01 787974     /usr/lib/locale/locale-archive
63a1b000-63a1e000 ---p 00000000 00:00 0 
63a1e000-63a6c000 rw-p 00000000 00:00 0 
63a6c000-63c00000 r--s 03807000 08:01 796168     /usr/lib/jvm/java-6-openjdk-i386/jre/lib/rt.jar
63c00000-63ce4000 rw-p 00000000 00:00 0 
63ce4000-63d00000 ---p 00000000 00:00 0 
63d01000-63d05000 r--s 0001f000 08:01 660463     /home/pocha/Desktop/adt-bundle-linux-x86-20131030/eclipse/plugins/org.eclipse.ui.views.log_1.0.300.v20120530-1435.jar
63d05000-63d07000 r--s 00003000 08:01 719770     /home/pocha/workspace/.metadata/.plugins/org.eclipse.pde.core/pde-junit/org.eclipse.osgi/bundles/7/1/.cp/libs/sdkstats.jar
63d07000-63d0c000 r--s 00035000 08:01 660409     /home/pocha/Desktop/adt-bundle-linux-x86-20131030/eclipse/plugins/org.eclipse.e4.ui.workbench_0.11.0.v20130125-100758.jar
63d0c000-63d11000 r--s 00049000 08:01 660112     /home/pocha/Desktop/adt-bundle-linux-x86-20131030/eclipse/plugins/org.eclipse.jdt.launching_3.6.101.v20130111-183046.jar
63d11000-63d1a000 r--s 0005e000 08:01 660578     /home/pocha/Desktop/adt-bundle-linux-x86-20131030/eclipse/plugins/org.eclipse.cdt.make.core_7.1.2.201202111925.jar
63d1a000-63d1c000 r--s 0005e000 08:01 660070     /home/pocha/Desktop/adt-bundle-linux-x86-20131030/eclipse/plugins/com.android.ide.eclipse.hierarchyviewer_22.3.0.v201310242005-887826.jar
63d1c000-63d20000 r--s 00270000 08:01 660253     /home/pocha/Desktop/adt-bundle-linux-x86-20131030/eclipse/plugins/com.android.ide.eclipse.ddms_22.3.0.v201310242005-887826.jar
63d21000-63d25000 r--s 00024000 08:01 660461     /home/pocha/Desktop/adt-bundle-linux-x86-20131030/eclipse/plugins/org.eclipse.ui.console_3.5.100.v20120521-2012.jar
63d25000-63d2a000 r--s 00038000 08:01 660084     /home/pocha/Desktop/adt-bundle-linux-x86-20131030/eclipse/plugins/org.eclipse.text_3.5.200.v20120523-1310.jar
63d2a000-63d2e000 r--s 0002d000 08:01 659604     /home/pocha/Desktop/adt-bundle-linux-x86-20131030/eclipse/plugins/org.eclipse.equinox.p2.engine_2.2.0.v20130121-021919.jar
63d2e000-63d31000 ---p 00000000 00:00 0 
63d31000-63d7f000 rw-p 00000000 00:00 0 
63d7f000-63d80000 ---p 00000000 00:00 0 
63d80000-63e00000 rw-p 00000000 00:00 0 
63e00000-63f00000 rw-p 00000000 00:00 0 
63f02000-63f06000 r--s 0001d000 08:01 660397     /home/pocha/Desktop/adt-bundle-linux-x86-20131030/eclipse/plugins/org.eclipse.cdt.codan.core_2.0.0.201202111925.jar
63f06000-63f09000 r--s 00038000 08:01 660257     /home/pocha/Desktop/adt-bundle-linux-x86-20131030/eclipse/plugins/com.jcraft.jsch_0.1.46.v201205102330.jar
63f09000-63f0b000 r--s 00003000 08:01 659609     /home/pocha/Desktop/adt-bundle-linux-x86-20131030/eclipse/plugins/org.eclipse.equinox.p2.updatechecker_1.1.200.v20110808-1657.jar
63f0b000-63f0d000 r--s 0000d000 08:01 660359     /home/pocha/Desktop/adt-bundle-linux-x86-20131030/eclipse/plugins/org.eclipse.equinox.p2.operations_2.2.0.v20130119-010614.jar
63f0d000-63f0e000 r--s 0000a000 08:01 719708     /home/pocha/workspace/.metadata/.plugins/org.eclipse.pde.core/pde-junit/org.eclipse.osgi/bundles/7/1/.cp/libs/kxml2-2.3.0.jar
63f0f000-63f12000 r--s 00014000 08:01 660378     /home/pocha/Desktop/adt-bundle-linux-x86-20131030/eclipse/plugins/org.eclipse.ui.views_3.6.100.v20120705-114010.jar
63f12000-63f14000 r--s 00008000 08:01 660395     /home/pocha/Desktop/adt-bundle-linux-x86-20131030/eclipse/plugins/org.eclipse.jsch.core_1.1.400.v20120522-1148.jar
63f14000-63f16000 r--s 00017000 08:01 660548     /home/pocha/Desktop/adt-bundle-linux-x86-20131030/eclipse/plugins/org.eclipse.ant.core_3.2.401.v20121204-162022.jar
63f16000-63f19000 r--s 0000f000 08:01 719709     /home/pocha/workspace/.metadata/.plugins/org.eclipse.pde.core/pde-junit/org.eclipse.osgi/bundles/7/1/.cp/libs/layoutlib-api.jar
63f1a000-63f1c000 r--s 00011000 08:01 660405     /home/pocha/Desktop/adt-bundle-linux-x86-20131030/eclipse/plugins/org.eclipse.cdt.codan.checkers_1.0.1.201202111925.jar
63f1c000-63f1e000 r--s 0000d000 08:01 660093     /home/pocha/Desktop/adt-bundle-linux-x86-20131030/eclipse/plugins/org.eclipse.jdt.compiler.tool_1.0.200.v20130116-050536.jar
63f1e000-63f20000 r--s 00024000 08:01 660245     /home/pocha/Desktop/adt-bundle-linux-x86-20131030/eclipse/plugins/org.eclipse.jdt.compiler.apt_1.0.600.v20130116-050536.jar
63f20000-63f22000 r--s 00011000 08:01 660431     /home/pocha/Desktop/adt-bundle-linux-x86-20131030/eclipse/plugins/org.eclipse.core.runtime_3.8.0.v20120912-155025.jar
63f22000-63f24000 r--s 0000d000 08:01 660434     /home/pocha/Desktop/adt-bundle-linux-x86-20131030/eclipse/plugins/org.eclipse.core.filesystem_1.3.200.v20130115-145044.jar
63f24000-63f26000 r--s 00009000 08:01 660214     /home/pocha/Desktop/adt-bundle-linux-x86-20131030/eclipse/plugins/org.eclipse.cdt.codan.core.cxx_1.0.0.201202111925.jar
63f27000-63f29000 r--s 00003000 08:01 660486     /home/pocha/Desktop/adt-bundle-linux-x86-20131030/eclipse/plugins/org.eclipse.cdt.core.linux.x86_5.2.0.201202111925.jar
63f29000-63f2b000 r--s 00015000 08:01 659601     /home/pocha/Desktop/adt-bundle-linux-x86-20131030/eclipse/plugins/org.eclipse.core.jobs_3.5.300.v20120912-155018.jar
63f2c000-63f2d000 r--s 00003000 08:01 719771     /home/pocha/workspace/.metadata/.plugins/org.eclipse.pde.core/pde-junit/org.eclipse.osgi/bundles/7/1/.cp/libs/dvlib.jar
63f2d000-63f2e000 r--s 00002000 08:01 660579     /home/pocha/Desktop/adt-bundle-linux-x86-20131030/eclipse/plugins/org.eclipse.cdt.core.linux_5.2.0.201202111925.jar
63f2e000-63f2f000 r--s 00003000 08:01 660072     /home/pocha/Desktop/adt-bundle-linux-x86-20131030/eclipse/plugins/org.eclipse.e4.ui.di_0.10.1.v20120523-1955.jar
63f2f000-63f30000 r--s 00002000 08:01 660426     /home/pocha/Desktop/adt-bundle-linux-x86-20131030/eclipse/plugins/org.eclipse.core.filesystem.linux.x86_1.4.0.v20120522-1137.jar
63f30000-63f32000 r--s 00008000 08:01 721076     /home/pocha/workspace/.metadata/.plugins/org.eclipse.pde.core/pde-junit/org.eclipse.osgi/bundles/5/1/.cp/libs/manifest-merger.jar
63f32000-63f36000 r--s 00022000 08:01 660483     /home/pocha/Desktop/adt-bundle-linux-x86-20131030/eclipse/plugins/org.eclipse.ui_3.104.0.v20121024-145224.jar
63f36000-63f4a000 r--s 00142000 08:01 660530     /home/pocha/Desktop/adt-bundle-linux-x86-20131030/eclipse/plugins/org.eclipse.osgi_3.8.2.v20130124-134944.jar
63f4a000-63f7d000 rw-p 00000000 00:00 0 
63f7d000-63f7e000 ---p 00000000 00:00 0 
63f7e000-63ffe000 rw-p 00000000 00:00 0 
63ffe000-63fff000 ---p 00000000 00:00 0 
63fff000-640b4000 rw-p 00000000 00:00 0 
640b4000-6417f000 rw-p 00000000 00:00 0 
6417f000-64196000 rw-p 00000000 00:00 0 
64196000-6427f000 rw-p 00000000 00:00 0 
6427f000-642b4000 rw-p 00000000 00:00 0 
642b4000-6437f000 rw-p 00000000 00:00 0 
6437f000-64396000 rw-p 00000000 00:00 0 
64396000-6447f000 rw-p 00000000 00:00 0 
6447f000-644eb000 rw-p 00000000 00:00 0 
644eb000-644ff000 rw-p 00000000 00:00 0 
644ff000-6ad60000 rw-p 00000000 00:00 0 
6ad60000-84500000 rw-p 00000000 00:00 0 
84500000-872b0000 rw-p 00000000 00:00 0 
872b0000-a4500000 rw-p 00000000 00:00 0 
a4500000-b1b90000 rw-p 00000000 00:00 0 
b1b90000-b4500000 rw-p 00000000 00:00 0 
b4500000-b4788000 rwxp 00000000 00:00 0 
b4788000-b75fe000 rw-p 00000000 00:00 0 
b75fe000-b7600000 ---p 00000000 00:00 0 
b7600000-b7601000 r--s 00344000 08:01 660537     /home/pocha/Desktop/adt-bundle-linux-x86-20131030/eclipse/plugins/com.android.ide.eclipse.base_22.3.0.v201310242005-887826.jar
b7601000-b7608000 r--s 000fc000 08:01 792344     /usr/lib/jvm/java-6-openjdk-common/jre/lib/resources.jar
b7608000-b760b000 r--s 0007f000 08:01 792386     /usr/lib/jvm/java-6-openjdk-common/jre/lib/jsse.jar
b760b000-b760d000 r--s 0000b000 08:01 660220     /home/pocha/Desktop/adt-bundle-linux-x86-20131030/eclipse/plugins/org.eclipse.equinox.launcher_1.3.0.v20120522-1813.jar
b760d000-b7611000 r--s 00039000 08:01 792328     /usr/lib/jvm/java-6-openjdk-common/jre/lib/ext/sunpkcs11.jar
b7611000-b761c000 rw-p 00000000 00:00 0 
b761c000-b76d1000 rw-p 00000000 00:00 0 
b76d1000-b76d4000 ---p 00000000 00:00 0 
b76d4000-b7725000 rw-p 00000000 00:00 0 
b7725000-b7726000 r--s 00007000 08:01 1245525    /usr/share/java/java-atk-wrapper.jar
b7726000-b7729000 r--s 00031000 08:01 792332     /usr/lib/jvm/java-6-openjdk-common/jre/lib/ext/sunjce_provider.jar
b7729000-b772b000 r--s 00001000 08:01 792331     /usr/lib/jvm/java-6-openjdk-common/jre/lib/ext/dnsns.jar
b772b000-b772e000 r--s 00077000 08:01 792330     /usr/lib/jvm/java-6-openjdk-common/jre/lib/ext/localedata.jar
b772e000-b7730000 r--s 0000f000 08:01 792329     /usr/lib/jvm/java-6-openjdk-common/jre/lib/ext/pulse-java.jar
b7730000-b7731000 r--p 002c5000 08:01 787974     /usr/lib/locale/locale-archive
b7731000-b7739000 rw-s 00000000 08:01 1066088    /tmp/hsperfdata_pocha/3457
b7739000-b773a000 rw-p 00000000 00:00 0 
b773a000-b773b000 r--p 00000000 00:00 0 
b773b000-b773d000 rw-p 00000000 00:00 0 
bfa62000-bfa83000 rw-p 00000000 00:00 0          [stack]

VM Arguments:
jvm_args: -Dosgi.requiredJavaVersion=1.6 -XX:MaxPermSize=256m -Xms40m -Xmx768m -Declipse.buildId=v22.3.0-887826 -XX:MaxPermSize=512M -Declipse.pde.launch=true -Declipse.p2.data.area=@config.dir/p2 -Dfile.encoding=UTF-8 
java_command: org.eclipse.equinox.launcher.Main -os linux -ws gtk -arch x86 -nl en_US -consoleLog -version 3 -port 43432 -testLoaderClass org.eclipse.jdt.internal.junit4.runner.JUnit4TestLoader -loaderpluginname org.eclipse.jdt.junit4.runtime -classNames org.codelearn.test.RunTest -application org.eclipse.swtbot.eclipse.core.swtbottestapplication -product com.android.ide.eclipse.adt.package.product -data /home/pocha/workspace/../junit-workspace -configuration file:/home/pocha/workspace/.metadata/.plugins/org.eclipse.pde.core/pde-junit/ -dev file:/home/pocha/workspace/.metadata/.plugins/org.eclipse.pde.core/pde-junit/dev.properties -os linux -ws gtk -arch x86 -nl en_US -consoleLog -testpluginname VirtualAssistantTest
Launcher Type: SUN_STANDARD

Environment Variables:
PATH=/usr/lib/lightdm/lightdm:/usr/local/sbin:/usr/local/bin:/usr/sbin:/usr/bin:/sbin:/bin:/usr/games
LD_LIBRARY_PATH=/usr/lib/jvm/java-6-openjdk-i386/jre/lib/i386/server:/usr/lib/jvm/java-6-openjdk-i386/jre/lib/i386:/usr/lib/jvm/java-6-openjdk-i386/jre/../lib/i386:/usr/lib/jvm/java-6-openjdk-i386/jre/lib/i386/client:/usr/lib/jvm/java-6-openjdk-i386/jre/lib/i386:
SHELL=/bin/bash
DISPLAY=:0.0

Signal Handlers:
SIGSEGV: [libjvm.so+0x66e730], sa_mask[0]=0x7ffbfeff, sa_flags=0x10000004
SIGBUS: [libjvm.so+0x66e730], sa_mask[0]=0x7ffbfeff, sa_flags=0x10000004
SIGFPE: [libjvm.so+0x530470], sa_mask[0]=0x7ffbfeff, sa_flags=0x10000004
SIGPIPE: SIG_IGN, sa_mask[0]=0x00000000, sa_flags=0x00000000
SIGXFSZ: [libjvm.so+0x530470], sa_mask[0]=0x7ffbfeff, sa_flags=0x10000004
SIGILL: [libjvm.so+0x530470], sa_mask[0]=0x7ffbfeff, sa_flags=0x10000004
SIGUSR1: SIG_DFL, sa_mask[0]=0x00000000, sa_flags=0x00000000
SIGUSR2: [libjvm.so+0x530300], sa_mask[0]=0x00000004, sa_flags=0x10000004
SIGHUP: [libjvm.so+0x533290], sa_mask[0]=0x7ffbfeff, sa_flags=0x10000004
SIGINT: [libjvm.so+0x533290], sa_mask[0]=0x7ffbfeff, sa_flags=0x10000004
SIGTERM: [libjvm.so+0x533290], sa_mask[0]=0x7ffbfeff, sa_flags=0x10000004
SIGQUIT: [libjvm.so+0x533290], sa_mask[0]=0x7ffbfeff, sa_flags=0x10000004


---------------  S Y S T E M  ---------------

OS:Ubuntu 12.04 (precise)
uname:Linux 3.2.0-26-generic #41-Ubuntu SMP Thu Jun 14 16:26:01 UTC 2012 i686
libc:glibc 2.15 NPTL 2.15 
rlimit: STACK 8192k, CORE 0k, NPROC 24037, NOFILE 4096, AS infinity
load average:1.18 1.19 0.62

/proc/meminfo:
MemTotal:        3097688 kB
MemFree:          968624 kB
Buffers:          159012 kB
Cached:           756356 kB
SwapCached:            0 kB
Active:          1378120 kB
Inactive:         644004 kB
Active(anon):    1107460 kB
Inactive(anon):     1472 kB
Active(file):     270660 kB
Inactive(file):   642532 kB
Unevictable:           0 kB
Mlocked:               0 kB
HighTotal:       2236296 kB
HighFree:         343312 kB
LowTotal:         861392 kB
LowFree:          625312 kB
SwapTotal:        522236 kB
SwapFree:         522236 kB
Dirty:              8644 kB
Writeback:             0 kB
AnonPages:       1106724 kB
Mapped:           155396 kB
Shmem:              2180 kB
Slab:              64916 kB
SReclaimable:      48100 kB
SUnreclaim:        16816 kB
KernelStack:        4232 kB
PageTables:         8968 kB
NFS_Unstable:          0 kB
Bounce:                0 kB
WritebackTmp:          0 kB
CommitLimit:     2071080 kB
Committed_AS:    3813392 kB
VmallocTotal:     122880 kB
VmallocUsed:       23944 kB
VmallocChunk:      97868 kB
HardwareCorrupted:     0 kB
AnonHugePages:         0 kB
HugePages_Total:       0
HugePages_Free:        0
HugePages_Rsvd:        0
HugePages_Surp:        0
Hugepagesize:       4096 kB
DirectMap4k:       16376 kB
DirectMap4M:      892928 kB


CPU:total 2 (1 cores per cpu, 1 threads per core) family 6 model 58 stepping 9, cmov, cx8, fxsr, mmx, sse, sse2, sse3, ssse3, sse4.1, sse4.2, popcnt

Memory: 4k page, physical 3097688k(968624k free), swap 522236k(522236k free)

vm_info: OpenJDK Server VM (20.0-b12) for linux-x86 JRE (1.6.0_27-b27), built on Jul 17 2013 13:43:50 by "buildd" with gcc 4.6.3

time: Wed Apr 16 19:57:05 2014
elapsed time: 23 seconds

